文件：Cls_init.c   编译器版本 HGASM 0202 页次1


   1  0000              ; Generated by holtek-gcc v3.19, Wed May 25 14:39:48 2022
   2  0000              ; 
   3  0000              ; Configuration:
   4  0000              ;       with long instruction
   5  0000              ;       Multi-ROM, Multi-RAM
   6  0000              ;       bits_per_rom_unit:16
   7  0000              ;       with mp1
   8  0000              ;       with tbhp, address(0x9)
   9  0000              ;          Use tabrd-const
  10  0000              ;       
  11  0000              ; SFR address of long-instruction arch:
  12  0000              ;    mp0 = -1,1,0
  13  0000              ;    mp1 = 4,3,2
  14  0000              ;    mp2 = 14,13,12
  15  0000              ;    tbp = 9,7,8
  16  0000              ;    acc = 5
  17  0000              ;    pcl = 6
  18  0000              ;    status = 10
  19  0000              ;    bp = 11
  20  0000              ;    intc = 16
  21  0000              ;       
  22  0000              ;       
  23  0000              ; use 'tabrdc' instead of 'tabrd'
  24  0000              ;       
  25  0000              
  26  0000              #pragma translator "holtek-gcc 4.6.4" "3.19" "build 20130711"
  27  0000              ; Rebuild 718
  28  0000              
  29  0000              ir equ [2]
  30  0000              mp equ [3]
  31  0000              sbp equ [4]
  32  0000              acc equ [5]
  33  0000              bp equ [11]
  34  0000              tblp equ [7]
  35  0000              tbhp equ [9]
  36  0000              status equ [10]
  37  0000              c equ [10].0
  38  0000              ac equ [10].1
  39  0000              z equ [10].2
  40  0000              ov equ [10].3
  41  0000              cz equ [10].6
  42  0000              sc equ [10].7
  43  0000              intc equ [16]
  44  0000              mduwr0 equ [59h]
  45  0000              mduwr1 equ [5ah]
  46  0000              mduwr2 equ [5bh]
  47  0000              mduwr3 equ [5ch]
  48  0000              mduwr4 equ [5dh]
  49  0000              mduwr5 equ [5eh]
  50  0000              mduwrctrl equ [5fh]
  51  0000              
  52  0000              extern ra:byte
  53  0000              extern rb:byte
  54  0000              extern rc:byte
  55  0000              extern rd:byte
  56  0000              extern re:byte
  57  0000              extern rf:byte
  58  0000              extern rg:byte
  59  0000              extern rh:byte
文件：Cls_init.ASM 编译器版本 HGASM 0202 页次2

  60  0000              extern _Crom2Prom:near
  61  0000              extern _Crom2PromNext:near
  62  0000              
  63  0000              RAMBANK 0 @BITDATASEC, @BITDATASEC1
  64  0000              @HCCINIT	.section 'data'
  65  0000              @HCCINIT0	.section 'data'
  66  0000              @BITDATASEC	 .section 'data'
  67  0000              @BITDATASEC1	 .section 'data'
  68  0000              
  69  0000              #pragma debug scope 1 1
  70  0000              	extern __DELAY3:near
  71  0000              	extern __DELAYX3:near
  72  0000              	extern __DELAYX6:near
  73  0000              	extern __DELAYY5:near
  74  0000              	extern __DELAYY3:near
  75  0000              	extern _builtin_holtek_delay_2:byte
  76  0000              ___wdtc equ [62]
  77  0000              ___intc0 equ [16]
  78  0000              ___rstc equ [46]
  79  0000              ___hircc equ [59]
  80  0000              public _Cls_init
  81  0000              #pragma debug scope 2 1

   6  0000              #line 6 "c:\users\林斐\desktop\11.机械臂\Cls_init.c"
   6  0000              _Cls_init .section 'code'
   6  0000              _Cls_init proc
   7  0000              #line 7 "c:\users\林斐\desktop\11.机械臂\Cls_init.c"
   7  0000  0FAF        	mov a,175
   7  0001  00BE        	mov [62],a
   8  0002              #line 8 "c:\users\林斐\desktop\11.机械臂\Cls_init.c"
   8  0002  3010        	set [16].0
   9  0003              #line 9 "c:\users\林斐\desktop\11.机械臂\Cls_init.c"
   9  0003  0FAA        	mov a,170
   9  0004  00AE        	mov [46],a
  10  0005              #line 10 "c:\users\林斐\desktop\11.机械臂\Cls_init.c"
  10  0005  31BB        	set [59].3
  11  0006              #line 11 "c:\users\林斐\desktop\11.机械臂\Cls_init.c"
  11  0006              	fcall _inituart
  13  000D              #line 13 "c:\users\林斐\desktop\11.机械臂\Cls_init.c"
  13  000D              	fcall _key_Init
  14  0014              #line 14 "c:\users\林斐\desktop\11.机械臂\Cls_init.c"
  14  0014              	fcall _LED_init
  15  001B              #line 15 "c:\users\林斐\desktop\11.机械臂\Cls_init.c"
  15  001B              	fcall _time2_Init
  34  0022              #line 34 "c:\users\林斐\desktop\11.机械臂\Cls_init.c"
  34  0022              	fcall _PWM_Period_Init
  34  0029  0003        	ret
  34  002A              _Cls_init endp
  34  002A              #line 34 "c:\users\林斐\desktop\11.机械臂\Cls_init.c"
  34  002A              #pragma debug scope 1 1
  34  002A              #pragma debug struct_end
  34  002A              #pragma debug struct_end
  34  002A              #pragma debug union_end
  34  002A              #pragma debug union_end
  34  002A              #pragma debug variable 43 1 ___intc0 "__intc0" 1
  34  002A              #pragma debug struct_end
  34  002A              #pragma debug struct_end
  34  002A              #pragma debug union_end
  34  002A              #pragma debug union_end
  34  002A              #pragma debug variable 45 1 ___rstc "__rstc" 1
文件：Cls_init.c   编译器版本 HGASM 0202 页次3

  34  002A              #pragma debug struct_end
  34  002A              #pragma debug struct_end
  34  002A              #pragma debug union_end
  34  002A              #pragma debug union_end
  34  002A              #pragma debug variable 47 1 ___hircc "__hircc" 1
  34  002A              #pragma debug struct_end
  34  002A              #pragma debug struct_end
  34  002A              #pragma debug union_end
  34  002A              #pragma debug union_end
  34  002A              #pragma debug variable 49 1 ___wdtc "__wdtc" 1
  34  002A              extern _inituart:near
  34  002A              extern _key_Init:near
  34  002A              extern _LED_init:near
  34  002A              extern _time2_Init:near
  34  002A              extern _PWM_Period_Init:near
  34  002A              
  34  002A              ; 
  34  002A              ; Generated by holtek-gcc v3.19, Wed May 25 14:39:48 2022
  34  002A              ; Rebuild 718
  34  002A              ; end of file


        0 Errors, 0