文件：key.c        编译器版本 HGASM 0202 页次1


   1  0000              ; Generated by holtek-gcc v3.19, Wed May 25 14:39:45 2022
   2  0000              ; 
   3  0000              ; Configuration:
   4  0000              ;       with long instruction
   5  0000              ;       Multi-ROM, Multi-RAM
   6  0000              ;       bits_per_rom_unit:16
   7  0000              ;       with mp1
   8  0000              ;       with tbhp, address(0x9)
   9  0000              ;          Use tabrd-const
  10  0000              ;       
  11  0000              ; SFR address of long-instruction arch:
  12  0000              ;    mp0 = -1,1,0
  13  0000              ;    mp1 = 4,3,2
  14  0000              ;    mp2 = 14,13,12
  15  0000              ;    tbp = 9,7,8
  16  0000              ;    acc = 5
  17  0000              ;    pcl = 6
  18  0000              ;    status = 10
  19  0000              ;    bp = 11
  20  0000              ;    intc = 16
  21  0000              ;       
  22  0000              ;       
  23  0000              ; use 'tabrdc' instead of 'tabrd'
  24  0000              ;       
  25  0000              
  26  0000              #pragma translator "holtek-gcc 4.6.4" "3.19" "build 20130711"
  27  0000              ; Rebuild 718
  28  0000              
  29  0000              ir equ [2]
  30  0000              mp equ [3]
  31  0000              sbp equ [4]
  32  0000              acc equ [5]
  33  0000              bp equ [11]
  34  0000              tblp equ [7]
  35  0000              tbhp equ [9]
  36  0000              status equ [10]
  37  0000              c equ [10].0
  38  0000              ac equ [10].1
  39  0000              z equ [10].2
  40  0000              ov equ [10].3
  41  0000              cz equ [10].6
  42  0000              sc equ [10].7
  43  0000              intc equ [16]
  44  0000              mduwr0 equ [59h]
  45  0000              mduwr1 equ [5ah]
  46  0000              mduwr2 equ [5bh]
  47  0000              mduwr3 equ [5ch]
  48  0000              mduwr4 equ [5dh]
  49  0000              mduwr5 equ [5eh]
  50  0000              mduwrctrl equ [5fh]
  51  0000              
  52  0000              extern ra:byte
  53  0000              extern rb:byte
  54  0000              extern rc:byte
  55  0000              extern rd:byte
  56  0000              extern re:byte
  57  0000              extern rf:byte
  58  0000              extern rg:byte
  59  0000              extern rh:byte
文件：key.ASM      编译器版本 HGASM 0202 页次2

  60  0000              extern _Crom2Prom:near
  61  0000              extern _Crom2PromNext:near
  62  0000              
  63  0000              RAMBANK 0 @BITDATASEC, @BITDATASEC1
  64  0000              @HCCINIT	.section 'data'
  65  0000              @HCCINIT0	.section 'data'
  66  0000              @BITDATASEC	 .section 'data'
  67  0000              @BITDATASEC1	 .section 'data'
  68  0000              
  69  0000              #pragma debug scope 1 1
  70  0000              	extern __DELAY3:near
  71  0000              	extern __DELAYX3:near
  72  0000              	extern __DELAYX6:near
  73  0000              	extern __DELAYY5:near
  74  0000              	extern __DELAYY3:near
  75  0000              	extern _builtin_holtek_delay_2:byte
  76  0000              public _delay_ms
  77  0000              #pragma debug scope 2 1

  10  0000              #line 10 "c:\users\林斐\desktop\11.机械臂\key.c"
  10  0000              _delay_ms .section 'code'
  10  0000              _delay_ms proc
  10  0000              public _delay_ms_2
  10  0000  0002[           local _delay_ms_2 db 2 dup(?)	; 2,0
            00
            ]
  10  0002              #pragma debug variable 12 2 _delay_ms_2+0 "del"
  11  0002              #line 11 "c:\users\林斐\desktop\11.机械臂\key.c"
  11  0000  1F00     E  	clr rb
  11  0001  1F00     E  	clr rc
  11  0002  2800     R  	jmp _L2
  11  0003              _L3:
  11  0003              #line 11 "c:\users\林斐\desktop\11.机械臂\key.c"
  11  0003              ;# 11 "c:\users\林斐\desktop\11.机械臂\key.c" 1
  11  0003              	IF 4000>263690
  11  0003              ;# 11 "c:\users\林斐\desktop\11.机械臂\key.c" 1
  11  0003              	ERRMESSAGE 'the value 4000of the argument exceeds the maxinum 263690'
  11  0003              	ENDIF
  11  0003              ;# 11 "c:\users\林斐\desktop\11.机械臂\key.c" 1
  11  0003              	IF 4000<0
  11  0003              ;# 11 "c:\users\林斐\desktop\11.机械臂\key.c" 1
  11  0003              	ERRMESSAGE 'the value 4000 of the argument exceeds the mininum 0'
  11  0003              	ENDIF
  11  0003              ;# 11 "c:\users\林斐\desktop\11.机械臂\key.c" 1
  11  0003              	IF 4000==0
  11  0003              ;# 11 "c:\users\林斐\desktop\11.机械臂\key.c" 1
  11  0003              	JMP $
  11  0003              	ENDIF
  11  0003              ;# 11 "c:\users\林斐\desktop\11.机械臂\key.c" 1
  11  0003              	IF (4000>=1) AND (4000<( 4 + __PBP__ * 2))
  11  0003              ;# 11 "c:\users\林斐\desktop\11.机械臂\key.c" 1
  11  0003              	NOP
  11  0003              	ENDIF
  11  0003              ;# 11 "c:\users\林斐\desktop\11.机械臂\key.c" 1
  11  0003              	IF (4000>=2) AND (4000<( 4 + __PBP__ * 2))
  11  0003              ;# 11 "c:\users\林斐\desktop\11.机械臂\key.c" 1
  11  0003              	NOP
  11  0003              	ENDIF
  11  0003              ;# 11 "c:\users\林斐\desktop\11.机械臂\key.c" 1
  11  0003              	IF (4000>=3) AND (4000<( 4 + __PBP__ * 2))
文件：key.c        编译器版本 HGASM 0202 页次3

  11  0003              ;# 11 "c:\users\林斐\desktop\11.机械臂\key.c" 1
  11  0003              	NOP
  11  0003              	ENDIF
  11  0003              ;# 11 "c:\users\林斐\desktop\11.机械臂\key.c" 1
  11  0003              	IF (4000>=4) AND (4000<( 4 + __PBP__ * 2)) AND ( __PBP__ > 0 )
  11  0003              ;# 11 "c:\users\林斐\desktop\11.机械臂\key.c" 1
  11  0003              	NOP
  11  0003              	ENDIF
  11  0003              ;# 11 "c:\users\林斐\desktop\11.机械臂\key.c" 1
  11  0003              	IF (4000>=5) AND (4000<( 4 + __PBP__ * 2)) AND ( __PBP__ > 0 )
  11  0003              ;# 11 "c:\users\林斐\desktop\11.机械臂\key.c" 1
  11  0003              	NOP
  11  0003              	ENDIF
  11  0003              ;# 11 "c:\users\林斐\desktop\11.机械臂\key.c" 1
  11  0003              	IF (4000>=6) AND (4000<( 4 + __PBP__ * 2))  AND ( __PBP__ > 1 )
  11  0003              ;# 11 "c:\users\林斐\desktop\11.机械臂\key.c" 1
  11  0003              	NOP
  11  0003              	ENDIF
  11  0003              ;# 11 "c:\users\林斐\desktop\11.机械臂\key.c" 1
  11  0003              	IF (4000>=7) AND (4000<( 4 + __PBP__ * 2))  AND ( __PBP__ > 1 )
  11  0003              ;# 11 "c:\users\林斐\desktop\11.机械臂\key.c" 1
  11  0003              	NOP
  11  0003              	ENDIF
  11  0003              ;# 11 "c:\users\林斐\desktop\11.机械臂\key.c" 1
  11  0003              	IF (4000>=8) AND (4000<( 4 + __PBP__ * 2))  AND ( __PBP__ > 2 )
  11  0003              ;# 11 "c:\users\林斐\desktop\11.机械臂\key.c" 1
  11  0003              	NOP
  11  0003              	ENDIF
  11  0003              ;# 11 "c:\users\林斐\desktop\11.机械臂\key.c" 1
  11  0003              	IF (4000==9)  AND ( __PBP__ > 2 )
  11  0003              ;# 11 "c:\users\林斐\desktop\11.机械臂\key.c" 1
  11  0003              	NOP
  11  0003              	ENDIF
  11  0003              ;# 11 "c:\users\林斐\desktop\11.机械臂\key.c" 1
  11  0003              	IF (4000< ( 8 + __PBP__ * 2)) AND (4000>( 3 + __PBP__ * 2))
  11  0003              ;# 11 "c:\users\林斐\desktop\11.机械臂\key.c" 1
  11  0003              	fcall __DELAY3 + ( 7 + __PBP__ * 2) -4000
  11  0003              	ENDIF
  11  0003              ;# 11 "c:\users\林斐\desktop\11.机械臂\key.c" 1
  11  0003              	IF (4000< ( 0404h + __PBP__ * 2)) AND (4000>( 7 + __PBP__ * 2))
  11  0003              ;# 11 "c:\users\林斐\desktop\11.机械臂\key.c" 1
  11  0003              	MOV A,(4000-( 4 + __PBP__ * 2))/4
  11  0003              ;# 11 "c:\users\林斐\desktop\11.机械臂\key.c" 1
  11  0003              	fcall __DELAYX3 + 3 -((4000-( 4 + __PBP__ * 2)) MOD 4) 
  11  0003              	ENDIF
  11  0003              ;# 11 "c:\users\林斐\desktop\11.机械臂\key.c" 1
  11  0003              	IF (4000< ( 040bh + __PBP__ * 2)) AND (4000> ( 0403h + __PBP__ * 2))
  11  0003              ;# 11 "c:\users\林斐\desktop\11.机械臂\key.c" 1
  11  0003              	MOV A,0 
  11  0003              ;# 11 "c:\users\林斐\desktop\11.机械臂\key.c" 1
  11  0003              	fcall __DELAYX6 + ( 040ah + __PBP__ * 2) -4000
  11  0003              	ENDIF
  11  0003              ;# 11 "c:\users\林斐\desktop\11.机械臂\key.c" 1
  11  0003              	IF (4000 >= ( 040bh + __PBP__ * 2)) AND ((((4000-( 9 + __PBP__ * 2))%0402h)/4+1)>256)
  11  0003              ;# 11 "c:\users\林斐\desktop\11.机械臂\key.c" 1
  11  0003              	MOV A,(4000-( 9 + __PBP__ * 2))/0402h
  11  0003              ;# 11 "c:\users\林斐\desktop\11.机械臂\key.c" 1
  11  0003              	MOV _builtin_holtek_delay_2,A
  11  0003              ;# 11 "c:\users\林斐\desktop\11.机械臂\key.c" 1
  11  0003              	MOV A,0
文件：key.c        编译器版本 HGASM 0202 页次4

  11  0003              ;# 11 "c:\users\林斐\desktop\11.机械臂\key.c" 1
  11  0003              	fcall __DELAYY5 +5- (((4000-( 9 + __PBP__ * 2))%0402h)%6) 
  11  0003              	ENDIF
  11  0003              ;# 11 "c:\users\林斐\desktop\11.机械臂\key.c" 1
  11  0003              	IF (4000 >= ( 040bh + __PBP__ * 2)) AND ((((4000-( 9 + __PBP__ * 2))%0402h)/4+1)<=256)
  11  0003              ;# 11 "c:\users\林斐\desktop\11.机械臂\key.c" 1
  11  0003  0F03        	MOV A,(4000-( 9 + __PBP__ * 2))/0402h
  11  0004              ;# 11 "c:\users\林斐\desktop\11.机械臂\key.c" 1
  11  0004  0080     E  	MOV _builtin_holtek_delay_2,A
  11  0005              ;# 11 "c:\users\林斐\desktop\11.机械臂\key.c" 1
  11  0005  0FE3        	MOV A,((4000-( 9 + __PBP__ * 2))%0402h)/4+1
  11  0006              ;# 11 "c:\users\林斐\desktop\11.机械臂\key.c" 1
  11  0006              	fcall __DELAYY3 +3-(((4000-( 9 + __PBP__ * 2))%0402h)%4) 
  11  000D              	ENDIF
  11  000D  1480     E  	inc rb
  11  000E  3D0A        	sz z
  11  000F  1480     E  	inc rc
  11  0010              _L2:
  11  0010  0700     E  	mov a,rb
  11  0011  0200     R  	sub a,_delay_ms_2[0]
  11  0012  0700     E  	mov a,rc
  11  0013  1200     R  	sbc a,_delay_ms_2[1]
  11  0014  3B0A        	snz cz
  11  0015  2800     R  	jmp _L3
  11  0016  0003        	ret
  11  0017              _delay_ms endp
  11  0017              #line 11 "c:\users\林斐\desktop\11.机械臂\key.c"
  11  0017              #pragma debug scope 1 1
  11  0017              ___pbc equ [25]
  11  0017              ___pbpu equ [26]
  11  0017              public _key_Init
  11  0017              #pragma debug scope 3 1
  15  0017              #line 15 "c:\users\林斐\desktop\11.机械臂\key.c"
  15  0000              _key_Init .section 'code'
  15  0000              _key_Init proc
  16  0000              #line 16 "c:\users\林斐\desktop\11.机械臂\key.c"
  16  0000  3299        	set [25].5
  17  0001              #line 17 "c:\users\林斐\desktop\11.机械臂\key.c"
  17  0001  329A        	set [26].5
  17  0002  0003        	ret
  17  0003              _key_Init endp
  17  0003              #line 17 "c:\users\林斐\desktop\11.机械臂\key.c"
  17  0003              #pragma debug scope 1 1
  17  0003              ___pb equ [24]
  17  0003              public _key_Scan
  17  0003              #pragma debug scope 4 1
  21  0003              #line 21 "c:\users\林斐\desktop\11.机械臂\key.c"
  21  0000              _key_Scan .section 'code'
  21  0000              _key_Scan proc
  22  0000              #line 22 "c:\users\林斐\desktop\11.机械臂\key.c"
  22  0000  3E98        	sz [24].5
  22  0001  2800     R  	jmp _L8
  24  0002              #line 24 "c:\users\林斐\desktop\11.机械臂\key.c"
  24  0002  0F0A        	mov a,10
  24  0003  0080     R  	mov _delay_ms_2[0],a
  24  0004  1F00     R  	clr _delay_ms_2[1]
  24  0005              	fcall _delay_ms
  25  000C              #line 25 "c:\users\林斐\desktop\11.机械臂\key.c"
  25  000C  1118        	swapa [24]
  25  000D  1985        	rr acc
文件：key.c        编译器版本 HGASM 0202 页次5

  25  000E  0E07        	and a,07h
  25  000F  0080     E  	mov rb,a
  25  0010  0F01        	mov a,1
  25  0011  0480     E  	xorm a,rb
  25  0012  1F00     E  	clr rc
  26  0013              #line 26 "c:\users\林斐\desktop\11.机械臂\key.c"
  26  0013  0F01        	mov a,1  
  26  0014  0680     E  	andm a,rb  
  26  0015  0F00        	mov a,0  
  26  0016  0680     E  	andm a,rc
  26  0017  2800     R  	jmp _L7
  26  0018              _L8:
  32  0018              #line 32 "c:\users\林斐\desktop\11.机械臂\key.c"
  32  0018  1F00     E  	clr rb
  32  0019  1F00     E  	clr rc
  32  001A              _L7:
  33  001A              #line 33 "c:\users\林斐\desktop\11.机械臂\key.c"
  33  001A  0700     E  	mov a,rb
  33  001B  0080     E  	mov ra,a
  33  001C  0700     E  	mov a,rc
  33  001D  0080     E  	mov rb,a
  33  001E  0003        	ret
  33  001F              _key_Scan endp
  33  001F              #line 33 "c:\users\林斐\desktop\11.机械臂\key.c"
  33  001F              #pragma debug scope 1 1
  33  001F              #pragma debug struct_end
  33  001F              #pragma debug struct_end
  33  001F              #pragma debug union_end
  33  001F              #pragma debug union_end
  33  001F              #pragma debug variable 43 1 ___pb "__pb" 1
  33  001F              #pragma debug struct_end
  33  001F              #pragma debug struct_end
  33  001F              #pragma debug union_end
  33  001F              #pragma debug union_end
  33  001F              #pragma debug variable 45 1 ___pbc "__pbc" 1
  33  001F              #pragma debug struct_end
  33  001F              #pragma debug struct_end
  33  001F              #pragma debug union_end
  33  001F              #pragma debug union_end
  33  001F              #pragma debug variable 47 1 ___pbpu "__pbpu" 1
  33  001F              
  33  001F              ; 
  33  001F              ; Generated by holtek-gcc v3.19, Wed May 25 14:39:45 2022
  33  001F              ; Rebuild 718
  33  001F              ; end of file


        0 Errors, 0