文件：pwm.c        编译器版本 HGASM 0202 页次1


   1  0000              ; Generated by holtek-gcc v3.19, Wed May 25 14:39:51 2022
   2  0000              ; 
   3  0000              ; Configuration:
   4  0000              ;       with long instruction
   5  0000              ;       Multi-ROM, Multi-RAM
   6  0000              ;       bits_per_rom_unit:16
   7  0000              ;       with mp1
   8  0000              ;       with tbhp, address(0x9)
   9  0000              ;          Use tabrd-const
  10  0000              ;       
  11  0000              ; SFR address of long-instruction arch:
  12  0000              ;    mp0 = -1,1,0
  13  0000              ;    mp1 = 4,3,2
  14  0000              ;    mp2 = 14,13,12
  15  0000              ;    tbp = 9,7,8
  16  0000              ;    acc = 5
  17  0000              ;    pcl = 6
  18  0000              ;    status = 10
  19  0000              ;    bp = 11
  20  0000              ;    intc = 16
  21  0000              ;       
  22  0000              ;       
  23  0000              ; use 'tabrdc' instead of 'tabrd'
  24  0000              ;       
  25  0000              
  26  0000              #pragma translator "holtek-gcc 4.6.4" "3.19" "build 20130711"
  27  0000              ; Rebuild 718
  28  0000              
  29  0000              ir equ [2]
  30  0000              mp equ [3]
  31  0000              sbp equ [4]
  32  0000              acc equ [5]
  33  0000              bp equ [11]
  34  0000              tblp equ [7]
  35  0000              tbhp equ [9]
  36  0000              status equ [10]
  37  0000              c equ [10].0
  38  0000              ac equ [10].1
  39  0000              z equ [10].2
  40  0000              ov equ [10].3
  41  0000              cz equ [10].6
  42  0000              sc equ [10].7
  43  0000              intc equ [16]
  44  0000              mduwr0 equ [59h]
  45  0000              mduwr1 equ [5ah]
  46  0000              mduwr2 equ [5bh]
  47  0000              mduwr3 equ [5ch]
  48  0000              mduwr4 equ [5dh]
  49  0000              mduwr5 equ [5eh]
  50  0000              mduwrctrl equ [5fh]
  51  0000              
  52  0000              extern ra:byte
  53  0000              extern rb:byte
  54  0000              extern rc:byte
  55  0000              extern rd:byte
  56  0000              extern re:byte
  57  0000              extern rf:byte
  58  0000              extern rg:byte
  59  0000              extern rh:byte
文件：pwm.ASM      编译器版本 HGASM 0202 页次2

  60  0000              extern _Crom2Prom:near
  61  0000              extern _Crom2PromNext:near
  62  0000              
  63  0000              RAMBANK 0 @BITDATASEC, @BITDATASEC1
  64  0000              @HCCINIT	.section 'data'
  65  0000              @HCCINIT0	.section 'data'
  66  0000              @BITDATASEC	 .section 'data'
  67  0000              @BITDATASEC1	 .section 'data'
  68  0000              
  69  0000              #pragma debug scope 1 1
  70  0000              	extern __DELAY3:near
  71  0000              	extern __DELAYX3:near
  72  0000              	extern __DELAYX6:near
  73  0000              	extern __DELAYY5:near
  74  0000              	extern __DELAYY3:near
  75  0000              	extern _builtin_holtek_delay_2:byte
  76  0000              ___ptm1al equ [286]
  77  0000              ___ptm1ah equ [287]
  78  0000              public _PWM_Change_1
  79  0000              #pragma debug scope 2 1

   9  0000              #line 9 "c:\users\林斐\desktop\11.机械臂\pwm.c"
   9  0000              _PWM_Change_1 .section 'code'
   9  0000              _PWM_Change_1 proc
   9  0000              public _PWM_Change_1_2
   9  0000  0002[           local _PWM_Change_1_2 db 2 dup(?)	; 2,0
            00
            ]
   9  0002              #pragma debug variable 11 2 _PWM_Change_1_2+0 "dt"
  17  0002              #line 17 "c:\users\林斐\desktop\11.机械臂\pwm.c"
  17  0000  0700     R  	mov a,_PWM_Change_1_2[1]
  17  0001  0080     E  	mov _builtin_holtek_mant1[1],a
  17  0002  0700     R  	mov a,_PWM_Change_1_2[0]
  17  0003  0080     E  	mov _builtin_holtek_mant1[0],a
  17  0004              	fcall _builtin_holtek_itod
  17  000B  0700     E  	mov a,_builtin_holtek_mant12p[0]
  17  000C  0080     E  	mov rg,a
  17  000D  0700     E  	mov a,_builtin_holtek_mant1[2]
  17  000E  0080     E  	mov rf,a
  17  000F  0700     E  	mov a,_builtin_holtek_mant1[1]
  17  0010  0080     E  	mov re,a
  17  0011  0700     E  	mov a,_builtin_holtek_mant1[0]
  17  0012  0080     E  	mov rd,a
  17  0013  0700     E  	mov a,rg
  17  0014  0080     E  	mov _builtin_holtek_mant12p[0],a
  17  0015  0700     E  	mov a,rf
  17  0016  0080     E  	mov _builtin_holtek_mant1[2],a
  17  0017  0700     E  	mov a,re
  17  0018  0080     E  	mov _builtin_holtek_mant1[1],a
  17  0019  0700     E  	mov a,rd
  17  001A  0080     E  	mov _builtin_holtek_mant1[0],a
  17  001B  0F40        	mov a,64
  17  001C  0080     E  	mov _builtin_holtek_mant12p[1],a
  17  001D  0F13        	mov a,19
  17  001E  0080     E  	mov _builtin_holtek_mant2[2],a
  17  001F  0F33        	mov a,51
  17  0020  0080     E  	mov _builtin_holtek_mant2[1],a
  17  0021  0F33        	mov a,51
  17  0022  0080     E  	mov _builtin_holtek_mant2[0],a
  17  0023              	fcall _builtin_holtek_dtmul
文件：pwm.c        编译器版本 HGASM 0202 页次3

  17  002A  0700     E  	mov a,_builtin_holtek_mant12p[0]
  17  002B  0080     E  	mov rg,a
  17  002C  0700     E  	mov a,_builtin_holtek_mant1[2]
  17  002D  0080     E  	mov rf,a
  17  002E  0700     E  	mov a,_builtin_holtek_mant1[1]
  17  002F  0080     E  	mov re,a
  17  0030  0700     E  	mov a,_builtin_holtek_mant1[0]
  17  0031  0080     E  	mov rd,a
  17  0032  0700     E  	mov a,rg
  17  0033  0080     E  	mov _builtin_holtek_mant12p[0],a
  17  0034  0700     E  	mov a,rf
  17  0035  0080     E  	mov _builtin_holtek_mant1[2],a
  17  0036  0700     E  	mov a,re
  17  0037  0080     E  	mov _builtin_holtek_mant1[1],a
  17  0038  0700     E  	mov a,rd
  17  0039  0080     E  	mov _builtin_holtek_mant1[0],a
  17  003A  0F43        	mov a,67
  17  003B  0080     E  	mov _builtin_holtek_mant12p[1],a
  17  003C  0F34        	mov a,52
  17  003D  0080     E  	mov _builtin_holtek_mant2[2],a
  17  003E  0F00        	mov a,0
  17  003F  0080     E  	mov _builtin_holtek_mant2[1],a
  17  0040  0F00        	mov a,0
  17  0041  0080     E  	mov _builtin_holtek_mant2[0],a
  17  0042              	fcall _builtin_holtek_dtadd
  17  0049  0700     E  	mov a,_builtin_holtek_mant12p[0]
  17  004A  0080     E  	mov rg,a
  17  004B  0700     E  	mov a,_builtin_holtek_mant1[2]
  17  004C  0080     E  	mov rf,a
  17  004D  0700     E  	mov a,_builtin_holtek_mant1[1]
  17  004E  0080     E  	mov re,a
  17  004F  0700     E  	mov a,_builtin_holtek_mant1[0]
  17  0050  0080     E  	mov rd,a
  17  0051  0700     E  	mov a,re
  17  0052  0080     E  	mov rc,a
  17  0053  0700     E  	mov a,rf
  17  0054  0080     E  	mov rd,a
  17  0055  0700     E  	mov a,rg
  17  0056  0080     E  	mov re,a
  17  0057  0700     E  	mov a,rc
  17  0058  0080     R  	mov _Pwm_angle[0],a
  17  0059  0700     E  	mov a,rd
  17  005A  0080     R  	mov _Pwm_angle[1],a
  17  005B  0700     E  	mov a,re
  17  005C  0080     R  	mov _Pwm_angle[2],a
  18  005D              #line 18 "c:\users\林斐\desktop\11.机械臂\pwm.c"
  18  005D  1F00     E  	clr _builtin_holtek_mant12p[0]
  18  005E  0700     E  	mov a,re
  18  005F  0080     E  	mov _builtin_holtek_mant1[2],a
  18  0060  0700     E  	mov a,rd
  18  0061  0080     E  	mov _builtin_holtek_mant1[1],a
  18  0062  0700     E  	mov a,rc
  18  0063  0080     E  	mov _builtin_holtek_mant1[0],a
  18  0064              	fcall _builtin_holtek_ftol
  18  006B  0700     E  	mov a,_builtin_holtek_mant12p[0]
  18  006C  0080     E  	mov rg,a
  18  006D  0700     E  	mov a,_builtin_holtek_mant1[2]
  18  006E  0080     E  	mov rf,a
  18  006F  0700     E  	mov a,_builtin_holtek_mant1[1]
  18  0070  0080     E  	mov re,a
文件：pwm.c        编译器版本 HGASM 0202 页次4

  18  0071  0700     E  	mov a,_builtin_holtek_mant1[0]
  18  0072  0080     E  	mov rd,a
  19  0073              #line 19 "c:\users\林斐\desktop\11.机械臂\pwm.c"
  19  0073  0700     E  	mov a,rd
  19  0074  809E 0001   	lmov [286],a
  20  0076              #line 20 "c:\users\林斐\desktop\11.机械臂\pwm.c"
  20  0076  0700     E  	mov a,re
  20  0077  809F 0001   	lmov [287],a
  20  0079  0003        	ret
  20  007A              _PWM_Change_1 endp
  20  007A              #line 20 "c:\users\林斐\desktop\11.机械臂\pwm.c"
  20  007A              #pragma debug scope 1 1
  20  007A              ___ptm0al equ [74]
  20  007A              ___ptm0ah equ [75]
  20  007A              public _PWM_Change_0
  20  007A              #pragma debug scope 3 1
  26  007A              #line 26 "c:\users\林斐\desktop\11.机械臂\pwm.c"
  26  0000              _PWM_Change_0 .section 'code'
  26  0000              _PWM_Change_0 proc
  26  0000              public _PWM_Change_0_2
  26  0000  0002[           local _PWM_Change_0_2 db 2 dup(?)	; 2,0
            00
            ]
  26  0002              #pragma debug variable 11 3 _PWM_Change_0_2+0 "dt"
  27  0002              #line 27 "c:\users\林斐\desktop\11.机械臂\pwm.c"
  27  0000  0700     R  	mov a,_PWM_Change_0_2[1]
  27  0001  0080     E  	mov _builtin_holtek_mant1[1],a
  27  0002  0700     R  	mov a,_PWM_Change_0_2[0]
  27  0003  0080     E  	mov _builtin_holtek_mant1[0],a
  27  0004              	fcall _builtin_holtek_itod
  27  000B  0700     E  	mov a,_builtin_holtek_mant12p[0]
  27  000C  0080     E  	mov rg,a
  27  000D  0700     E  	mov a,_builtin_holtek_mant1[2]
  27  000E  0080     E  	mov rf,a
  27  000F  0700     E  	mov a,_builtin_holtek_mant1[1]
  27  0010  0080     E  	mov re,a
  27  0011  0700     E  	mov a,_builtin_holtek_mant1[0]
  27  0012  0080     E  	mov rd,a
  27  0013  0700     E  	mov a,rg
  27  0014  0080     E  	mov _builtin_holtek_mant12p[0],a
  27  0015  0700     E  	mov a,rf
  27  0016  0080     E  	mov _builtin_holtek_mant1[2],a
  27  0017  0700     E  	mov a,re
  27  0018  0080     E  	mov _builtin_holtek_mant1[1],a
  27  0019  0700     E  	mov a,rd
  27  001A  0080     E  	mov _builtin_holtek_mant1[0],a
  27  001B  0F40        	mov a,64
  27  001C  0080     E  	mov _builtin_holtek_mant12p[1],a
  27  001D  0F13        	mov a,19
  27  001E  0080     E  	mov _builtin_holtek_mant2[2],a
  27  001F  0F33        	mov a,51
  27  0020  0080     E  	mov _builtin_holtek_mant2[1],a
  27  0021  0F33        	mov a,51
  27  0022  0080     E  	mov _builtin_holtek_mant2[0],a
  27  0023              	fcall _builtin_holtek_dtmul
  27  002A  0700     E  	mov a,_builtin_holtek_mant12p[0]
  27  002B  0080     E  	mov rg,a
  27  002C  0700     E  	mov a,_builtin_holtek_mant1[2]
  27  002D  0080     E  	mov rf,a
  27  002E  0700     E  	mov a,_builtin_holtek_mant1[1]
文件：pwm.c        编译器版本 HGASM 0202 页次5

  27  002F  0080     E  	mov re,a
  27  0030  0700     E  	mov a,_builtin_holtek_mant1[0]
  27  0031  0080     E  	mov rd,a
  27  0032  0700     E  	mov a,rg
  27  0033  0080     E  	mov _builtin_holtek_mant12p[0],a
  27  0034  0700     E  	mov a,rf
  27  0035  0080     E  	mov _builtin_holtek_mant1[2],a
  27  0036  0700     E  	mov a,re
  27  0037  0080     E  	mov _builtin_holtek_mant1[1],a
  27  0038  0700     E  	mov a,rd
  27  0039  0080     E  	mov _builtin_holtek_mant1[0],a
  27  003A  0F43        	mov a,67
  27  003B  0080     E  	mov _builtin_holtek_mant12p[1],a
  27  003C  0F34        	mov a,52
  27  003D  0080     E  	mov _builtin_holtek_mant2[2],a
  27  003E  0F00        	mov a,0
  27  003F  0080     E  	mov _builtin_holtek_mant2[1],a
  27  0040  0F00        	mov a,0
  27  0041  0080     E  	mov _builtin_holtek_mant2[0],a
  27  0042              	fcall _builtin_holtek_dtadd
  27  0049  0700     E  	mov a,_builtin_holtek_mant12p[0]
  27  004A  0080     E  	mov rg,a
  27  004B  0700     E  	mov a,_builtin_holtek_mant1[2]
  27  004C  0080     E  	mov rf,a
  27  004D  0700     E  	mov a,_builtin_holtek_mant1[1]
  27  004E  0080     E  	mov re,a
  27  004F  0700     E  	mov a,_builtin_holtek_mant1[0]
  27  0050  0080     E  	mov rd,a
  27  0051  0700     E  	mov a,re
  27  0052  0080     E  	mov rc,a
  27  0053  0700     E  	mov a,rf
  27  0054  0080     E  	mov rd,a
  27  0055  0700     E  	mov a,rg
  27  0056  0080     E  	mov re,a
  27  0057  0700     E  	mov a,rc
  27  0058  0080     R  	mov _Pwm_angle[0],a
  27  0059  0700     E  	mov a,rd
  27  005A  0080     R  	mov _Pwm_angle[1],a
  27  005B  0700     E  	mov a,re
  27  005C  0080     R  	mov _Pwm_angle[2],a
  28  005D              #line 28 "c:\users\林斐\desktop\11.机械臂\pwm.c"
  28  005D  1F00     E  	clr _builtin_holtek_mant12p[0]
  28  005E  0700     E  	mov a,re
  28  005F  0080     E  	mov _builtin_holtek_mant1[2],a
  28  0060  0700     E  	mov a,rd
  28  0061  0080     E  	mov _builtin_holtek_mant1[1],a
  28  0062  0700     E  	mov a,rc
  28  0063  0080     E  	mov _builtin_holtek_mant1[0],a
  28  0064              	fcall _builtin_holtek_ftol
  28  006B  0700     E  	mov a,_builtin_holtek_mant12p[0]
  28  006C  0080     E  	mov rg,a
  28  006D  0700     E  	mov a,_builtin_holtek_mant1[2]
  28  006E  0080     E  	mov rf,a
  28  006F  0700     E  	mov a,_builtin_holtek_mant1[1]
  28  0070  0080     E  	mov re,a
  28  0071  0700     E  	mov a,_builtin_holtek_mant1[0]
  28  0072  0080     E  	mov rd,a
  29  0073              #line 29 "c:\users\林斐\desktop\11.机械臂\pwm.c"
  29  0073  0700     E  	mov a,rd
  29  0074  00CA        	mov [74],a
文件：pwm.c        编译器版本 HGASM 0202 页次6

  30  0075              #line 30 "c:\users\林斐\desktop\11.机械臂\pwm.c"
  30  0075  0700     E  	mov a,re
  30  0076  00CB        	mov [75],a
  30  0077  0003        	ret
  30  0078              _PWM_Change_0 endp
  30  0078              #line 30 "c:\users\林斐\desktop\11.机械臂\pwm.c"
  30  0078              #pragma debug scope 1 1
  30  0078              ___ptm2al equ [294]
  30  0078              ___ptm2ah equ [295]
  30  0078              public _PWM_Change_2
  30  0078              #pragma debug scope 4 1
  34  0078              #line 34 "c:\users\林斐\desktop\11.机械臂\pwm.c"
  34  0000              _PWM_Change_2 .section 'code'
  34  0000              _PWM_Change_2 proc
  34  0000              public _PWM_Change_2_2
  34  0000  0002[           local _PWM_Change_2_2 db 2 dup(?)	; 2,0
            00
            ]
  34  0002              #pragma debug variable 11 4 _PWM_Change_2_2+0 "dt"
  35  0002              #line 35 "c:\users\林斐\desktop\11.机械臂\pwm.c"
  35  0000  0700     R  	mov a,_PWM_Change_2_2[1]
  35  0001  0080     E  	mov _builtin_holtek_mant1[1],a
  35  0002  0700     R  	mov a,_PWM_Change_2_2[0]
  35  0003  0080     E  	mov _builtin_holtek_mant1[0],a
  35  0004              	fcall _builtin_holtek_itod
  35  000B  0700     E  	mov a,_builtin_holtek_mant12p[0]
  35  000C  0080     E  	mov rg,a
  35  000D  0700     E  	mov a,_builtin_holtek_mant1[2]
  35  000E  0080     E  	mov rf,a
  35  000F  0700     E  	mov a,_builtin_holtek_mant1[1]
  35  0010  0080     E  	mov re,a
  35  0011  0700     E  	mov a,_builtin_holtek_mant1[0]
  35  0012  0080     E  	mov rd,a
  35  0013  0700     E  	mov a,rg
  35  0014  0080     E  	mov _builtin_holtek_mant12p[0],a
  35  0015  0700     E  	mov a,rf
  35  0016  0080     E  	mov _builtin_holtek_mant1[2],a
  35  0017  0700     E  	mov a,re
  35  0018  0080     E  	mov _builtin_holtek_mant1[1],a
  35  0019  0700     E  	mov a,rd
  35  001A  0080     E  	mov _builtin_holtek_mant1[0],a
  35  001B  0F40        	mov a,64
  35  001C  0080     E  	mov _builtin_holtek_mant12p[1],a
  35  001D  0F13        	mov a,19
  35  001E  0080     E  	mov _builtin_holtek_mant2[2],a
  35  001F  0F33        	mov a,51
  35  0020  0080     E  	mov _builtin_holtek_mant2[1],a
  35  0021  0F33        	mov a,51
  35  0022  0080     E  	mov _builtin_holtek_mant2[0],a
  35  0023              	fcall _builtin_holtek_dtmul
  35  002A  0700     E  	mov a,_builtin_holtek_mant12p[0]
  35  002B  0080     E  	mov rg,a
  35  002C  0700     E  	mov a,_builtin_holtek_mant1[2]
  35  002D  0080     E  	mov rf,a
  35  002E  0700     E  	mov a,_builtin_holtek_mant1[1]
  35  002F  0080     E  	mov re,a
  35  0030  0700     E  	mov a,_builtin_holtek_mant1[0]
  35  0031  0080     E  	mov rd,a
  35  0032  0700     E  	mov a,rg
  35  0033  0080     E  	mov _builtin_holtek_mant12p[0],a
文件：pwm.c        编译器版本 HGASM 0202 页次7

  35  0034  0700     E  	mov a,rf
  35  0035  0080     E  	mov _builtin_holtek_mant1[2],a
  35  0036  0700     E  	mov a,re
  35  0037  0080     E  	mov _builtin_holtek_mant1[1],a
  35  0038  0700     E  	mov a,rd
  35  0039  0080     E  	mov _builtin_holtek_mant1[0],a
  35  003A  0F43        	mov a,67
  35  003B  0080     E  	mov _builtin_holtek_mant12p[1],a
  35  003C  0F34        	mov a,52
  35  003D  0080     E  	mov _builtin_holtek_mant2[2],a
  35  003E  0F00        	mov a,0
  35  003F  0080     E  	mov _builtin_holtek_mant2[1],a
  35  0040  0F00        	mov a,0
  35  0041  0080     E  	mov _builtin_holtek_mant2[0],a
  35  0042              	fcall _builtin_holtek_dtadd
  35  0049  0700     E  	mov a,_builtin_holtek_mant12p[0]
  35  004A  0080     E  	mov rg,a
  35  004B  0700     E  	mov a,_builtin_holtek_mant1[2]
  35  004C  0080     E  	mov rf,a
  35  004D  0700     E  	mov a,_builtin_holtek_mant1[1]
  35  004E  0080     E  	mov re,a
  35  004F  0700     E  	mov a,_builtin_holtek_mant1[0]
  35  0050  0080     E  	mov rd,a
  35  0051  0700     E  	mov a,re
  35  0052  0080     E  	mov rc,a
  35  0053  0700     E  	mov a,rf
  35  0054  0080     E  	mov rd,a
  35  0055  0700     E  	mov a,rg
  35  0056  0080     E  	mov re,a
  35  0057  0700     E  	mov a,rc
  35  0058  0080     R  	mov _Pwm_angle[0],a
  35  0059  0700     E  	mov a,rd
  35  005A  0080     R  	mov _Pwm_angle[1],a
  35  005B  0700     E  	mov a,re
  35  005C  0080     R  	mov _Pwm_angle[2],a
  36  005D              #line 36 "c:\users\林斐\desktop\11.机械臂\pwm.c"
  36  005D  1F00     E  	clr _builtin_holtek_mant12p[0]
  36  005E  0700     E  	mov a,re
  36  005F  0080     E  	mov _builtin_holtek_mant1[2],a
  36  0060  0700     E  	mov a,rd
  36  0061  0080     E  	mov _builtin_holtek_mant1[1],a
  36  0062  0700     E  	mov a,rc
  36  0063  0080     E  	mov _builtin_holtek_mant1[0],a
  36  0064              	fcall _builtin_holtek_ftol
  36  006B  0700     E  	mov a,_builtin_holtek_mant12p[0]
  36  006C  0080     E  	mov rg,a
  36  006D  0700     E  	mov a,_builtin_holtek_mant1[2]
  36  006E  0080     E  	mov rf,a
  36  006F  0700     E  	mov a,_builtin_holtek_mant1[1]
  36  0070  0080     E  	mov re,a
  36  0071  0700     E  	mov a,_builtin_holtek_mant1[0]
  36  0072  0080     E  	mov rd,a
  37  0073              #line 37 "c:\users\林斐\desktop\11.机械臂\pwm.c"
  37  0073  0700     E  	mov a,rd
  37  0074  80A6 0001   	lmov [294],a
  38  0076              #line 38 "c:\users\林斐\desktop\11.机械臂\pwm.c"
  38  0076  0700     E  	mov a,re
  38  0077  80A7 0001   	lmov [295],a
  38  0079  0003        	ret
  38  007A              _PWM_Change_2 endp
文件：pwm.c        编译器版本 HGASM 0202 页次8

  38  007A              #line 38 "c:\users\林斐\desktop\11.机械臂\pwm.c"
  38  007A              #pragma debug scope 1 1
  38  007A              ___stm0al equ [82]
  38  007A              ___stm0ah equ [83]
  38  007A              public _PWM_Change_3
  38  007A              #pragma debug scope 5 1
  42  007A              #line 42 "c:\users\林斐\desktop\11.机械臂\pwm.c"
  42  0000              _PWM_Change_3 .section 'code'
  42  0000              _PWM_Change_3 proc
  42  0000              public _PWM_Change_3_2
  42  0000  0002[           local _PWM_Change_3_2 db 2 dup(?)	; 2,0
            00
            ]
  42  0002              #pragma debug variable 11 5 _PWM_Change_3_2+0 "dt"
  43  0002              #line 43 "c:\users\林斐\desktop\11.机械臂\pwm.c"
  43  0000  0700     R  	mov a,_PWM_Change_3_2[1]
  43  0001  0080     E  	mov _builtin_holtek_mant1[1],a
  43  0002  0700     R  	mov a,_PWM_Change_3_2[0]
  43  0003  0080     E  	mov _builtin_holtek_mant1[0],a
  43  0004              	fcall _builtin_holtek_itod
  43  000B  0700     E  	mov a,_builtin_holtek_mant12p[0]
  43  000C  0080     E  	mov rg,a
  43  000D  0700     E  	mov a,_builtin_holtek_mant1[2]
  43  000E  0080     E  	mov rf,a
  43  000F  0700     E  	mov a,_builtin_holtek_mant1[1]
  43  0010  0080     E  	mov re,a
  43  0011  0700     E  	mov a,_builtin_holtek_mant1[0]
  43  0012  0080     E  	mov rd,a
  43  0013  0700     E  	mov a,rg
  43  0014  0080     E  	mov _builtin_holtek_mant12p[0],a
  43  0015  0700     E  	mov a,rf
  43  0016  0080     E  	mov _builtin_holtek_mant1[2],a
  43  0017  0700     E  	mov a,re
  43  0018  0080     E  	mov _builtin_holtek_mant1[1],a
  43  0019  0700     E  	mov a,rd
  43  001A  0080     E  	mov _builtin_holtek_mant1[0],a
  43  001B  0F40        	mov a,64
  43  001C  0080     E  	mov _builtin_holtek_mant12p[1],a
  43  001D  0F13        	mov a,19
  43  001E  0080     E  	mov _builtin_holtek_mant2[2],a
  43  001F  0F33        	mov a,51
  43  0020  0080     E  	mov _builtin_holtek_mant2[1],a
  43  0021  0F33        	mov a,51
  43  0022  0080     E  	mov _builtin_holtek_mant2[0],a
  43  0023              	fcall _builtin_holtek_dtmul
  43  002A  0700     E  	mov a,_builtin_holtek_mant12p[0]
  43  002B  0080     E  	mov rg,a
  43  002C  0700     E  	mov a,_builtin_holtek_mant1[2]
  43  002D  0080     E  	mov rf,a
  43  002E  0700     E  	mov a,_builtin_holtek_mant1[1]
  43  002F  0080     E  	mov re,a
  43  0030  0700     E  	mov a,_builtin_holtek_mant1[0]
  43  0031  0080     E  	mov rd,a
  43  0032  0700     E  	mov a,rg
  43  0033  0080     E  	mov _builtin_holtek_mant12p[0],a
  43  0034  0700     E  	mov a,rf
  43  0035  0080     E  	mov _builtin_holtek_mant1[2],a
  43  0036  0700     E  	mov a,re
  43  0037  0080     E  	mov _builtin_holtek_mant1[1],a
  43  0038  0700     E  	mov a,rd
文件：pwm.c        编译器版本 HGASM 0202 页次9

  43  0039  0080     E  	mov _builtin_holtek_mant1[0],a
  43  003A  0F43        	mov a,67
  43  003B  0080     E  	mov _builtin_holtek_mant12p[1],a
  43  003C  0F34        	mov a,52
  43  003D  0080     E  	mov _builtin_holtek_mant2[2],a
  43  003E  0F00        	mov a,0
  43  003F  0080     E  	mov _builtin_holtek_mant2[1],a
  43  0040  0F00        	mov a,0
  43  0041  0080     E  	mov _builtin_holtek_mant2[0],a
  43  0042              	fcall _builtin_holtek_dtadd
  43  0049  0700     E  	mov a,_builtin_holtek_mant12p[0]
  43  004A  0080     E  	mov rg,a
  43  004B  0700     E  	mov a,_builtin_holtek_mant1[2]
  43  004C  0080     E  	mov rf,a
  43  004D  0700     E  	mov a,_builtin_holtek_mant1[1]
  43  004E  0080     E  	mov re,a
  43  004F  0700     E  	mov a,_builtin_holtek_mant1[0]
  43  0050  0080     E  	mov rd,a
  43  0051  0700     E  	mov a,re
  43  0052  0080     E  	mov rc,a
  43  0053  0700     E  	mov a,rf
  43  0054  0080     E  	mov rd,a
  43  0055  0700     E  	mov a,rg
  43  0056  0080     E  	mov re,a
  43  0057  0700     E  	mov a,rc
  43  0058  0080     R  	mov _Pwm_angle[0],a
  43  0059  0700     E  	mov a,rd
  43  005A  0080     R  	mov _Pwm_angle[1],a
  43  005B  0700     E  	mov a,re
  43  005C  0080     R  	mov _Pwm_angle[2],a
  44  005D              #line 44 "c:\users\林斐\desktop\11.机械臂\pwm.c"
  44  005D  1F00     E  	clr _builtin_holtek_mant12p[0]
  44  005E  0700     E  	mov a,re
  44  005F  0080     E  	mov _builtin_holtek_mant1[2],a
  44  0060  0700     E  	mov a,rd
  44  0061  0080     E  	mov _builtin_holtek_mant1[1],a
  44  0062  0700     E  	mov a,rc
  44  0063  0080     E  	mov _builtin_holtek_mant1[0],a
  44  0064              	fcall _builtin_holtek_ftol
  44  006B  0700     E  	mov a,_builtin_holtek_mant12p[0]
  44  006C  0080     E  	mov rg,a
  44  006D  0700     E  	mov a,_builtin_holtek_mant1[2]
  44  006E  0080     E  	mov rf,a
  44  006F  0700     E  	mov a,_builtin_holtek_mant1[1]
  44  0070  0080     E  	mov re,a
  44  0071  0700     E  	mov a,_builtin_holtek_mant1[0]
  44  0072  0080     E  	mov rd,a
  45  0073              #line 45 "c:\users\林斐\desktop\11.机械臂\pwm.c"
  45  0073  0700     E  	mov a,rd
  45  0074  00D2        	mov [82],a
  46  0075              #line 46 "c:\users\林斐\desktop\11.机械臂\pwm.c"
  46  0075  0700     E  	mov a,re
  46  0076  00D3        	mov [83],a
  46  0077  0003        	ret
  46  0078              _PWM_Change_3 endp
  46  0078              #line 46 "c:\users\林斐\desktop\11.机械臂\pwm.c"
  46  0078              #pragma debug scope 1 1
  46  0078              ___pfs1 equ [344]
  46  0078              ___pes0 equ [341]
  46  0078              ___pds0 equ [339]
文件：pwm.c        编译器版本 HGASM 0202 页次10

  46  0078              ___pcs1 equ [338]
  46  0078              ___ptm1c0 equ [282]
  46  0078              ___ptm1c1 equ [283]
  46  0078              ___ptm1rpl equ [288]
  46  0078              ___ptm1rph equ [289]
  46  0078              ___stm0c0 equ [78]
  46  0078              ___stm0c1 equ [79]
  46  0078              ___stm0rp equ [84]
  46  0078              ___ptm0c0 equ [70]
  46  0078              ___ptm0c1 equ [71]
  46  0078              ___ptm0rpl equ [76]
  46  0078              ___ptm0rph equ [77]
  46  0078              ___ptm2c0 equ [290]
  46  0078              ___ptm2c1 equ [291]
  46  0078              ___ptm2rpl equ [296]
  46  0078              ___ptm2rph equ [297]
  46  0078              public _PWM_Period_Init
  46  0078              #pragma debug scope 6 1
  50  0078              #line 50 "c:\users\林斐\desktop\11.机械臂\pwm.c"
  50  0000              _PWM_Period_Init .section 'code'
  50  0000              _PWM_Period_Init proc
  53  0000              #line 53 "c:\users\林斐\desktop\11.机械臂\pwm.c"
  53  0000  B1D8 0001   	lset [344].3
  54  0002              #line 54 "c:\users\林斐\desktop\11.机械臂\pwm.c"
  54  0002  B558 0001   	lclr [344].2
  61  0004              #line 61 "c:\users\林斐\desktop\11.机械臂\pwm.c"
  61  0004  B3D5 0001   	lset [341].7
  62  0006              #line 62 "c:\users\林斐\desktop\11.机械臂\pwm.c"
  62  0006  B755 0001   	lclr [341].6
  69  0008              #line 69 "c:\users\林斐\desktop\11.机械臂\pwm.c"
  69  0008  B6D3 0001   	lclr [339].5
  70  000A              #line 70 "c:\users\林斐\desktop\11.机械臂\pwm.c"
  70  000A  B253 0001   	lset [339].4
  76  000C              #line 76 "c:\users\林斐\desktop\11.机械臂\pwm.c"
  76  000C  B2D2 0001   	lset [338].5
  77  000E              #line 77 "c:\users\林斐\desktop\11.机械臂\pwm.c"
  77  000E  B652 0001   	lclr [338].4
  80  0010              #line 80 "c:\users\林斐\desktop\11.机械臂\pwm.c"
  80  0010  0F34        	mov a,52
  80  0011  809A 0001   	lmov [282],a
  81  0013              #line 81 "c:\users\林斐\desktop\11.机械臂\pwm.c"
  81  0013  0FA8        	mov a,168
  81  0014  809B 0001   	lmov [283],a
  84  0016              #line 84 "c:\users\林斐\desktop\11.机械臂\pwm.c"
  84  0016  0F88        	mov a,136
  84  0017  80A0 0001   	lmov [288],a
  85  0019              #line 85 "c:\users\林斐\desktop\11.机械臂\pwm.c"
  85  0019  0F13        	mov a,19
  85  001A  80A1 0001   	lmov [289],a
  87  001C              #line 87 "c:\users\林斐\desktop\11.机械臂\pwm.c"
  87  001C  B19A 0001   	lset [282].3
  90  001E              #line 90 "c:\users\林斐\desktop\11.机械臂\pwm.c"
  90  001E  0F34        	mov a,52
  90  001F  00CE        	mov [78],a
  91  0020              #line 91 "c:\users\林斐\desktop\11.机械臂\pwm.c"
  91  0020  0FA8        	mov a,168
  91  0021  00CF        	mov [79],a
  93  0022              #line 93 "c:\users\林斐\desktop\11.机械臂\pwm.c"
  93  0022  0F88        	mov a,136
  93  0023  00D4        	mov [84],a
文件：pwm.c        编译器版本 HGASM 0202 页次11

  94  0024              #line 94 "c:\users\林斐\desktop\11.机械臂\pwm.c"
  94  0024  31CE        	set [78].3
 100  0025              #line 100 "c:\users\林斐\desktop\11.机械臂\pwm.c"
 100  0025  0F34        	mov a,52
 100  0026  00C6        	mov [70],a
 101  0027              #line 101 "c:\users\林斐\desktop\11.机械臂\pwm.c"
 101  0027  0FA8        	mov a,168
 101  0028  00C7        	mov [71],a
 104  0029              #line 104 "c:\users\林斐\desktop\11.机械臂\pwm.c"
 104  0029  0F88        	mov a,136
 104  002A  00CC        	mov [76],a
 105  002B              #line 105 "c:\users\林斐\desktop\11.机械臂\pwm.c"
 105  002B  0F13        	mov a,19
 105  002C  00CD        	mov [77],a
 106  002D              #line 106 "c:\users\林斐\desktop\11.机械臂\pwm.c"
 106  002D  31C6        	set [70].3
 109  002E              #line 109 "c:\users\林斐\desktop\11.机械臂\pwm.c"
 109  002E  0F34        	mov a,52
 109  002F  80A2 0001   	lmov [290],a
 110  0031              #line 110 "c:\users\林斐\desktop\11.机械臂\pwm.c"
 110  0031  0FA8        	mov a,168
 110  0032  80A3 0001   	lmov [291],a
 113  0034              #line 113 "c:\users\林斐\desktop\11.机械臂\pwm.c"
 113  0034  0F88        	mov a,136
 113  0035  80A8 0001   	lmov [296],a
 114  0037              #line 114 "c:\users\林斐\desktop\11.机械臂\pwm.c"
 114  0037  0F13        	mov a,19
 114  0038  80A9 0001   	lmov [297],a
 116  003A              #line 116 "c:\users\林斐\desktop\11.机械臂\pwm.c"
 116  003A  B1A2 0001   	lset [290].3
 119  003C              #line 119 "c:\users\林斐\desktop\11.机械臂\pwm.c"
 119  003C  0F34        	mov a,52
 119  003D  00CE        	mov [78],a
 120  003E              #line 120 "c:\users\林斐\desktop\11.机械臂\pwm.c"
 120  003E  0FA8        	mov a,168
 120  003F  00CF        	mov [79],a
 122  0040              #line 122 "c:\users\林斐\desktop\11.机械臂\pwm.c"
 122  0040  0F88        	mov a,136
 122  0041  00D4        	mov [84],a
 124  0042              #line 124 "c:\users\林斐\desktop\11.机械臂\pwm.c"
 124  0042  31CE        	set [78].3
 124  0043  0003        	ret
 124  0044              _PWM_Period_Init endp
 124  0044              #line 124 "c:\users\林斐\desktop\11.机械臂\pwm.c"
 124  0044              #pragma debug scope 1 1
 124  0044              public _Pwm_angle
 124  0000              @HCCINIT	.section 'data'
   3  0000              #line 3 "c:\users\林斐\desktop\11.机械臂\pwm.c"
   3  0000              @HCCINIT_Pwm_angle .section 'data'
   3  0000              _Pwm_angle label byte
   3  0000              #pragma debug variable 28 1 _Pwm_angle "Pwm_angle"
   3  0000              	db 0
   3  0000              @ROMDATA_BASE .section inpage 'code'
   3  0000              	db 0
   3  0001              @HCCINIT_Pwm_angle .section 'data'
   3  0001              	db 0
   3  0001              @ROMDATA_BASE .section inpage 'code'
   3  0001              	db 0
   3  0002              @HCCINIT_Pwm_angle .section 'data'
   3  0002              	db 0
文件：pwm.c        编译器版本 HGASM 0202 页次12

   3  0001              @ROMDATA_BASE .section inpage 'code'
   3  0001              	db 0
   3  0003              @HCCINIT_Pwm_angle .section 'data'
   3  0003              #pragma debug struct_end
   3  0003              #pragma debug struct_end
   3  0003              #pragma debug union_end
   3  0003              #pragma debug union_end
   3  0003              #pragma debug variable 43 1 ___ptm0c0 "__ptm0c0" 1
   3  0003              #pragma debug struct_end
   3  0003              #pragma debug struct_end
   3  0003              #pragma debug union_end
   3  0003              #pragma debug union_end
   3  0003              #pragma debug variable 45 1 ___ptm0c1 "__ptm0c1" 1
   3  0003              #pragma debug variable 8 1 ___ptm0al "__ptm0al" 1
   3  0003              #pragma debug variable 8 1 ___ptm0ah "__ptm0ah" 1
   3  0003              #pragma debug struct_end
   3  0003              #pragma debug struct_end
   3  0003              #pragma debug union_end
   3  0003              #pragma debug union_end
   3  0003              #pragma debug variable 47 1 ___ptm0rpl "__ptm0rpl" 1
   3  0003              #pragma debug struct_end
   3  0003              #pragma debug struct_end
   3  0003              #pragma debug union_end
   3  0003              #pragma debug union_end
   3  0003              #pragma debug variable 49 1 ___ptm0rph "__ptm0rph" 1
   3  0003              #pragma debug struct_end
   3  0003              #pragma debug struct_end
   3  0003              #pragma debug union_end
   3  0003              #pragma debug union_end
   3  0003              #pragma debug variable 51 1 ___stm0c0 "__stm0c0" 1
   3  0003              #pragma debug struct_end
   3  0003              #pragma debug struct_end
   3  0003              #pragma debug union_end
   3  0003              #pragma debug union_end
   3  0003              #pragma debug variable 53 1 ___stm0c1 "__stm0c1" 1
   3  0003              #pragma debug variable 8 1 ___stm0al "__stm0al" 1
   3  0003              #pragma debug variable 8 1 ___stm0ah "__stm0ah" 1
   3  0003              #pragma debug struct_end
   3  0003              #pragma debug struct_end
   3  0003              #pragma debug union_end
   3  0003              #pragma debug union_end
   3  0003              #pragma debug variable 55 1 ___stm0rp "__stm0rp" 1
   3  0003              #pragma debug struct_end
   3  0003              #pragma debug struct_end
   3  0003              #pragma debug union_end
   3  0003              #pragma debug union_end
   3  0003              #pragma debug variable 57 1 ___ptm1c0 "__ptm1c0" 1
   3  0003              #pragma debug struct_end
   3  0003              #pragma debug struct_end
   3  0003              #pragma debug union_end
   3  0003              #pragma debug union_end
   3  0003              #pragma debug variable 59 1 ___ptm1c1 "__ptm1c1" 1
   3  0003              #pragma debug variable 8 1 ___ptm1al "__ptm1al" 1
   3  0003              #pragma debug variable 8 1 ___ptm1ah "__ptm1ah" 1
   3  0003              #pragma debug struct_end
   3  0003              #pragma debug struct_end
   3  0003              #pragma debug union_end
   3  0003              #pragma debug union_end
   3  0003              #pragma debug variable 61 1 ___ptm1rpl "__ptm1rpl" 1
   3  0003              #pragma debug struct_end
文件：pwm.c        编译器版本 HGASM 0202 页次13

   3  0003              #pragma debug struct_end
   3  0003              #pragma debug union_end
   3  0003              #pragma debug union_end
   3  0003              #pragma debug variable 63 1 ___ptm1rph "__ptm1rph" 1
   3  0003              #pragma debug struct_end
   3  0003              #pragma debug struct_end
   3  0003              #pragma debug union_end
   3  0003              #pragma debug union_end
   3  0003              #pragma debug variable 65 1 ___ptm2c0 "__ptm2c0" 1
   3  0003              #pragma debug struct_end
   3  0003              #pragma debug struct_end
   3  0003              #pragma debug union_end
   3  0003              #pragma debug union_end
   3  0003              #pragma debug variable 67 1 ___ptm2c1 "__ptm2c1" 1
   3  0003              #pragma debug variable 8 1 ___ptm2al "__ptm2al" 1
   3  0003              #pragma debug variable 8 1 ___ptm2ah "__ptm2ah" 1
   3  0003              #pragma debug struct_end
   3  0003              #pragma debug struct_end
   3  0003              #pragma debug union_end
   3  0003              #pragma debug union_end
   3  0003              #pragma debug variable 69 1 ___ptm2rpl "__ptm2rpl" 1
   3  0003              #pragma debug struct_end
   3  0003              #pragma debug struct_end
   3  0003              #pragma debug union_end
   3  0003              #pragma debug union_end
   3  0003              #pragma debug variable 71 1 ___ptm2rph "__ptm2rph" 1
   3  0003              #pragma debug struct_end
   3  0003              #pragma debug struct_end
   3  0003              #pragma debug union_end
   3  0003              #pragma debug union_end
   3  0003              #pragma debug variable 73 1 ___pcs1 "__pcs1" 1
   3  0003              #pragma debug struct_end
   3  0003              #pragma debug struct_end
   3  0003              #pragma debug union_end
   3  0003              #pragma debug union_end
   3  0003              #pragma debug variable 75 1 ___pds0 "__pds0" 1
   3  0003              #pragma debug struct_end
   3  0003              #pragma debug struct_end
   3  0003              #pragma debug union_end
   3  0003              #pragma debug union_end
   3  0003              #pragma debug variable 77 1 ___pes0 "__pes0" 1
   3  0003              #pragma debug struct_end
   3  0003              #pragma debug struct_end
   3  0003              #pragma debug union_end
   3  0003              #pragma debug union_end
   3  0003              #pragma debug variable 79 1 ___pfs1 "__pfs1" 1
   3  0003              extern _builtin_holtek_mant1:byte
   3  0003              extern _builtin_holtek_mant12p:byte
   3  0003              extern _builtin_holtek_itod:near
   3  0003              extern _builtin_holtek_mant2:byte
   3  0003              extern _builtin_holtek_dtmul:near
   3  0003              extern _builtin_holtek_dtadd:near
   3  0003              extern _builtin_holtek_ftol:near
   3  0003              
   3  0003              ; 
   3  0003              ; Generated by holtek-gcc v3.19, Wed May 25 14:39:51 2022
   3  0003              ; Rebuild 718
   3  0003              ; end of file


文件：pwm.c        编译器版本 HGASM 0202 页次14

        0 Errors, 0