文件：uart0.c      编译器版本 HGASM 0202 页次1


   1  0000              ; Generated by holtek-gcc v3.19, Wed May 25 14:39:46 2022
   2  0000              ; 
   3  0000              ; Configuration:
   4  0000              ;       with long instruction
   5  0000              ;       Multi-ROM, Multi-RAM
   6  0000              ;       bits_per_rom_unit:16
   7  0000              ;       with mp1
   8  0000              ;       with tbhp, address(0x9)
   9  0000              ;          Use tabrd-const
  10  0000              ;       
  11  0000              ; SFR address of long-instruction arch:
  12  0000              ;    mp0 = -1,1,0
  13  0000              ;    mp1 = 4,3,2
  14  0000              ;    mp2 = 14,13,12
  15  0000              ;    tbp = 9,7,8
  16  0000              ;    acc = 5
  17  0000              ;    pcl = 6
  18  0000              ;    status = 10
  19  0000              ;    bp = 11
  20  0000              ;    intc = 16
  21  0000              ;       
  22  0000              ;       
  23  0000              ; use 'tabrdc' instead of 'tabrd'
  24  0000              ;       
  25  0000              
  26  0000              #pragma translator "holtek-gcc 4.6.4" "3.19" "build 20130711"
  27  0000              ; Rebuild 718
  28  0000              
  29  0000              ir equ [2]
  30  0000              mp equ [3]
  31  0000              sbp equ [4]
  32  0000              acc equ [5]
  33  0000              bp equ [11]
  34  0000              tblp equ [7]
  35  0000              tbhp equ [9]
  36  0000              status equ [10]
  37  0000              c equ [10].0
  38  0000              ac equ [10].1
  39  0000              z equ [10].2
  40  0000              ov equ [10].3
  41  0000              cz equ [10].6
  42  0000              sc equ [10].7
  43  0000              intc equ [16]
  44  0000              mduwr0 equ [59h]
  45  0000              mduwr1 equ [5ah]
  46  0000              mduwr2 equ [5bh]
  47  0000              mduwr3 equ [5ch]
  48  0000              mduwr4 equ [5dh]
  49  0000              mduwr5 equ [5eh]
  50  0000              mduwrctrl equ [5fh]
  51  0000              
  52  0000              extern ra:byte
  53  0000              extern rb:byte
  54  0000              extern rc:byte
  55  0000              extern rd:byte
  56  0000              extern re:byte
  57  0000              extern rf:byte
  58  0000              extern rg:byte
  59  0000              extern rh:byte
文件：uart0.ASM    编译器版本 HGASM 0202 页次2

  60  0000              extern _Crom2Prom:near
  61  0000              extern _Crom2PromNext:near
  62  0000              
  63  0000              RAMBANK 0 @BITDATASEC, @BITDATASEC1
  64  0000              @HCCINIT	.section 'data'
  65  0000              @HCCINIT0	.section 'data'
  66  0000              @BITDATASEC	 .section 'data'
  67  0000              @BITDATASEC1	 .section 'data'
  68  0000              
  69  0000              #pragma debug scope 1 1
  70  0000              	extern __DELAY3:near
  71  0000              	extern __DELAYX3:near
  72  0000              	extern __DELAYX6:near
  73  0000              	extern __DELAYY5:near
  74  0000              	extern __DELAYY3:near
  75  0000              	extern _builtin_holtek_delay_2:byte
  76  0000              ___txr_rxr0 equ [275]
  77  0000              ___u0sr equ [272]
  78  0000              public _send_char
  79  0000              #pragma debug scope 2 1

   4  0000              #line 4 "c:\users\林斐\desktop\11.机械臂\uart0.c"
   4  0000              _send_char .section 'code'
   4  0000              _send_char proc
   4  0000  00              local _send_char_2 db 1 dup(?)	; 0,1
   4  0000  0080     E  	mov ra,a
   4  0001  0080     R  	mov _send_char_2[0],a
   4  0002              #pragma debug variable 7 2 _send_char_2+0 "s"
   5  0002              #line 5 "c:\users\林斐\desktop\11.机械臂\uart0.c"
   5  0002  0700     E  	mov a,ra
   5  0003  8093 0001   	lmov [275],a
   5  0005              _L3:
   6  0005              #line 6 "c:\users\林斐\desktop\11.机械臂\uart0.c"
   6  0005  B810 0001   	lsnz [272].0
   6  0007  2800     R  	jmp _L3
   6  0008  0003        	ret
   6  0009              _send_char endp
   6  0009              #line 6 "c:\users\林斐\desktop\11.机械臂\uart0.c"
   6  0009              #pragma debug scope 1 1
   6  0009              public _send_buff
   6  0009              #pragma debug scope 3 1
  10  0009              #line 10 "c:\users\林斐\desktop\11.机械臂\uart0.c"
  10  0000              _send_buff .section 'code'
  10  0000              _send_buff proc
  10  0000              public _send_buff_2
  10  0000  0002[           local _send_buff_2 db 2 dup(?)	; 2,0
            00
            ]
  10  0002              #pragma debug pointer 42 7 3
  10  0002              #pragma debug pointer 42 7 3
  10  0002              #pragma debug variable 42 3 _send_buff_2+0 "s"
  11  0002              #line 11 "c:\users\林斐\desktop\11.机械臂\uart0.c"
  11  0000  2800     R  	jmp _L6
  11  0001              _L7:
  13  0001              #line 13 "c:\users\林斐\desktop\11.机械臂\uart0.c"
  13  0001  0700     E  	mov a,ra
  13  0002              	fcall _send_char
  14  0009              #line 14 "c:\users\林斐\desktop\11.机械臂\uart0.c"
  14  0009  1480     R  	inc _send_buff_2[0]
  14  000A  3D0A        	sz z
文件：uart0.c      编译器版本 HGASM 0202 页次3

  14  000B  1480     R  	inc _send_buff_2[1]
  14  000C              _L6:
  11  000C              #line 11 "c:\users\林斐\desktop\11.机械臂\uart0.c"
  11  000C  0700     R  	mov a,_send_buff_2[0]
  11  000D  0083        	mov mp,a
  11  000E  0700     R  	mov a,_send_buff_2[1]
  11  000F  0084        	mov sbp,a
  11  0010              	fcall _Crom2Prom
  11  0017  0080     E  	mov ra,a
  11  0018  1080     E  	sz ra
  11  0019  2800     R  	jmp _L7
  11  001A  0003        	ret
  11  001B              _send_buff endp
  11  001B              #line 11 "c:\users\林斐\desktop\11.机械臂\uart0.c"
  11  001B              #pragma debug scope 1 1
  11  001B              public _send_char_unsigned
  11  001B              #pragma debug scope 4 1
  20  001B              #line 20 "c:\users\林斐\desktop\11.机械臂\uart0.c"
  20  0000              _send_char_unsigned .section 'code'
  20  0000              _send_char_unsigned proc
  20  0000  00              local _send_char_unsigned_2 db 1 dup(?)	; 0,1
  20  0000  0080     E  	mov ra,a
  20  0001  0080     R  	mov _send_char_unsigned_2[0],a
  20  0002              #pragma debug variable 8 4 _send_char_unsigned_2+0 "s"
  21  0002              #line 21 "c:\users\林斐\desktop\11.机械臂\uart0.c"
  21  0002  0700     E  	mov a,ra
  21  0003  8093 0001   	lmov [275],a
  21  0005              _L10:
  22  0005              #line 22 "c:\users\林斐\desktop\11.机械臂\uart0.c"
  22  0005  B810 0001   	lsnz [272].0
  22  0007  2800     R  	jmp _L10
  22  0008  0003        	ret
  22  0009              _send_char_unsigned endp
  22  0009              #line 22 "c:\users\林斐\desktop\11.机械臂\uart0.c"
  22  0009              #pragma debug scope 1 1
  22  0009              public _send_buff_unsigned
  22  0009              #pragma debug scope 5 1
  28  0009              #line 28 "c:\users\林斐\desktop\11.机械臂\uart0.c"
  28  0000              _send_buff_unsigned .section 'code'
  28  0000              _send_buff_unsigned proc
  28  0000              public _send_buff_unsigned_2
  28  0000  0002[           local _send_buff_unsigned_2 db 2 dup(?)	; 2,0
            00
            ]
  28  0002              #pragma debug pointer 43 8 5
  28  0002              #pragma debug pointer 43 8 5
  28  0002              #pragma debug variable 43 5 _send_buff_unsigned_2+0 "s"
  29  0002              #line 29 "c:\users\林斐\desktop\11.机械臂\uart0.c"
  29  0000  2800     R  	jmp _L12
  29  0001              _L13:
  31  0001              #line 31 "c:\users\林斐\desktop\11.机械臂\uart0.c"
  31  0001  0700     E  	mov a,ra
  31  0002              	fcall _send_char_unsigned
  32  0009              #line 32 "c:\users\林斐\desktop\11.机械臂\uart0.c"
  32  0009  1480     R  	inc _send_buff_unsigned_2[0]
  32  000A  3D0A        	sz z
  32  000B  1480     R  	inc _send_buff_unsigned_2[1]
  32  000C              _L12:
  29  000C              #line 29 "c:\users\林斐\desktop\11.机械臂\uart0.c"
  29  000C  0700     R  	mov a,_send_buff_unsigned_2[0]
文件：uart0.c      编译器版本 HGASM 0202 页次4

  29  000D  0083        	mov mp,a
  29  000E  0700     R  	mov a,_send_buff_unsigned_2[1]
  29  000F  0084        	mov sbp,a
  29  0010              	fcall _Crom2Prom
  29  0017  0080     E  	mov ra,a
  29  0018  1080     E  	sz ra
  29  0019  2800     R  	jmp _L13
  29  001A  0003        	ret
  29  001B              _send_buff_unsigned endp
  29  001B              #line 29 "c:\users\林斐\desktop\11.机械臂\uart0.c"
  29  001B              #pragma debug scope 1 1
  29  001B              ___wdtc equ [62]
  29  001B              ___pas1 equ [334]
  29  001B              ___u0cr1 equ [273]
  29  001B              ___u0cr2 equ [274]
  29  001B              ___brg0 equ [276]
  29  001B              ___mfi5 equ [56]
  29  001B              ___intc3 equ [19]
  29  001B              ___intc0 equ [16]
  29  001B              public _inituart
  29  001B              #pragma debug scope 6 1
  38  001B              #line 38 "c:\users\林斐\desktop\11.机械臂\uart0.c"
  38  0000              _inituart .section 'code'
  38  0000              _inituart proc
  39  0000              #line 39 "c:\users\林斐\desktop\11.机械臂\uart0.c"
  39  0000  0FAF        	mov a,175
  39  0001  00BE        	mov [62],a
  40  0002              #line 40 "c:\users\林斐\desktop\11.机械臂\uart0.c"
  40  0002  0FC0        	mov a,192
  40  0003  80CE 0001   	lmov [334],a
  41  0005              #line 41 "c:\users\林斐\desktop\11.机械臂\uart0.c"
  41  0005  0F80        	mov a,128
  41  0006  8091 0001   	lmov [273],a
  42  0008              #line 42 "c:\users\林斐\desktop\11.机械臂\uart0.c"
  42  0008  0FE4        	mov a,228
  42  0009  8092 0001   	lmov [274],a
  44  000B              #line 44 "c:\users\林斐\desktop\11.机械臂\uart0.c"
  44  000B  0F67        	mov a,103
  44  000C  8094 0001   	lmov [276],a
  46  000E              #line 46 "c:\users\林斐\desktop\11.机械臂\uart0.c"
  46  000E  3038        	set [56].0
  47  000F              #line 47 "c:\users\林斐\desktop\11.机械臂\uart0.c"
  47  000F  3193        	set [19].3
  48  0010              #line 48 "c:\users\林斐\desktop\11.机械臂\uart0.c"
  48  0010  3010        	set [16].0
  48  0011  0003        	ret
  48  0012              _inituart endp
  48  0012              #line 48 "c:\users\林斐\desktop\11.机械臂\uart0.c"
  48  0012              #pragma debug scope 1 1
  48  0012              public _get_buff
  48  0012              #pragma debug scope 7 1
  51  0012              #line 51 "c:\users\林斐\desktop\11.机械臂\uart0.c"
  51  0000              _get_buff .section 'code'
  51  0000              _get_buff proc
  51  0000              public _get_buff_2
  51  0000  0003[           local _get_buff_2 db 3 dup(?)	; 3,0
            00
            ]
  51  0003              #pragma debug pointer 44 7 7
  51  0003              #pragma debug pointer 44 7 7
文件：uart0.c      编译器版本 HGASM 0202 页次5

  51  0003              #pragma debug variable 44 7 _get_buff_2+0 "rbuff"
  51  0003              #pragma debug variable 7 7 _get_buff_2+2 "c"
  52  0003              #line 52 "c:\users\林斐\desktop\11.机械臂\uart0.c"
  52  0000  1F00     E  	clr rb
  52  0001  1F00     E  	clr rc
  52  0002              _L17:
  55  0002              #line 55 "c:\users\林斐\desktop\11.机械臂\uart0.c"
  55  0002  B910 0001   	lsnz [272].2
  55  0004  2800     R  	jmp _L17
  56  0005              #line 56 "c:\users\林斐\desktop\11.机械臂\uart0.c"
  56  0005  8713 0001   	lmov a,[275]
  56  0007  0080     E  	mov ra,a
  59  0008              #line 59 "c:\users\林斐\desktop\11.机械臂\uart0.c"
  59  0008  0700     E  	mov a,rb
  59  0009  0300     R  	add a,_get_buff_2[0]
  59  000A  0083        	mov mp,a
  59  000B  0700     E  	mov a,rc
  59  000C  1300     R  	adc a,_get_buff_2[1]
  59  000D  0084        	mov sbp,a
  57  000E              #line 57 "c:\users\林斐\desktop\11.机械臂\uart0.c"
  57  000E  0700     E  	mov a,ra
  57  000F  0200     R  	sub a,_get_buff_2[2]
  57  0010  3D0A        	sz z
  57  0011  2800     R  	jmp _L21
  62  0012              #line 62 "c:\users\林斐\desktop\11.机械臂\uart0.c"
  62  0012  0700     E  	mov a,ra
  62  0013  0082        	mov ir,a
  63  0014              #line 63 "c:\users\林斐\desktop\11.机械臂\uart0.c"
  63  0014  1480     E  	inc rb
  63  0015  3D0A        	sz z
  63  0016  1480     E  	inc rc
  64  0017              #line 64 "c:\users\林斐\desktop\11.机械臂\uart0.c"
  64  0017  2800     R  	jmp _L17
  64  0018              _L21:
  59  0018              #line 59 "c:\users\林斐\desktop\11.机械臂\uart0.c"
  59  0018  0F00        	mov a,0
  59  0019  0082        	mov ir,a
  65  001A              #line 65 "c:\users\林斐\desktop\11.机械臂\uart0.c"
  65  001A  0700     E  	mov a,rb
  65  001B  0080     E  	mov ra,a
  65  001C  0700     E  	mov a,rc
  65  001D  0080     E  	mov rb,a
  65  001E  0003        	ret
  65  001F              _get_buff endp
  65  001F              #line 65 "c:\users\林斐\desktop\11.机械臂\uart0.c"
  65  001F              #pragma debug scope 1 1
  65  001F              #pragma debug struct_end
  65  001F              #pragma debug struct_end
  65  001F              #pragma debug union_end
  65  001F              #pragma debug union_end
  65  001F              #pragma debug variable 46 1 ___intc0 "__intc0" 1
  65  001F              #pragma debug struct_end
  65  001F              #pragma debug struct_end
  65  001F              #pragma debug union_end
  65  001F              #pragma debug union_end
  65  001F              #pragma debug variable 48 1 ___intc3 "__intc3" 1
  65  001F              #pragma debug struct_end
  65  001F              #pragma debug struct_end
  65  001F              #pragma debug union_end
  65  001F              #pragma debug union_end
文件：uart0.c      编译器版本 HGASM 0202 页次6

  65  001F              #pragma debug variable 50 1 ___mfi5 "__mfi5" 1
  65  001F              #pragma debug struct_end
  65  001F              #pragma debug struct_end
  65  001F              #pragma debug union_end
  65  001F              #pragma debug union_end
  65  001F              #pragma debug variable 52 1 ___wdtc "__wdtc" 1
  65  001F              #pragma debug struct_end
  65  001F              #pragma debug struct_end
  65  001F              #pragma debug union_end
  65  001F              #pragma debug union_end
  65  001F              #pragma debug variable 54 1 ___u0sr "__u0sr" 1
  65  001F              #pragma debug struct_end
  65  001F              #pragma debug struct_end
  65  001F              #pragma debug union_end
  65  001F              #pragma debug union_end
  65  001F              #pragma debug variable 56 1 ___u0cr1 "__u0cr1" 1
  65  001F              #pragma debug struct_end
  65  001F              #pragma debug struct_end
  65  001F              #pragma debug union_end
  65  001F              #pragma debug union_end
  65  001F              #pragma debug variable 58 1 ___u0cr2 "__u0cr2" 1
  65  001F              #pragma debug variable 8 1 ___txr_rxr0 "__txr_rxr0" 1
  65  001F              #pragma debug variable 8 1 ___brg0 "__brg0" 1
  65  001F              #pragma debug struct_end
  65  001F              #pragma debug struct_end
  65  001F              #pragma debug union_end
  65  001F              #pragma debug union_end
  65  001F              #pragma debug variable 60 1 ___pas1 "__pas1" 1
  65  001F              
  65  001F              ; 
  65  001F              ; Generated by holtek-gcc v3.19, Wed May 25 14:39:46 2022
  65  001F              ; Rebuild 718
  65  001F              ; end of file


        0 Errors, 0