文件：uart1.c      编译器版本 HGASM 0202 页次1


   1  0000              ; Generated by holtek-gcc v3.19, Wed May 25 14:39:49 2022
   2  0000              ; 
   3  0000              ; Configuration:
   4  0000              ;       with long instruction
   5  0000              ;       Multi-ROM, Multi-RAM
   6  0000              ;       bits_per_rom_unit:16
   7  0000              ;       with mp1
   8  0000              ;       with tbhp, address(0x9)
   9  0000              ;          Use tabrd-const
  10  0000              ;       
  11  0000              ; SFR address of long-instruction arch:
  12  0000              ;    mp0 = -1,1,0
  13  0000              ;    mp1 = 4,3,2
  14  0000              ;    mp2 = 14,13,12
  15  0000              ;    tbp = 9,7,8
  16  0000              ;    acc = 5
  17  0000              ;    pcl = 6
  18  0000              ;    status = 10
  19  0000              ;    bp = 11
  20  0000              ;    intc = 16
  21  0000              ;       
  22  0000              ;       
  23  0000              ; use 'tabrdc' instead of 'tabrd'
  24  0000              ;       
  25  0000              
  26  0000              #pragma translator "holtek-gcc 4.6.4" "3.19" "build 20130711"
  27  0000              ; Rebuild 718
  28  0000              
  29  0000              ir equ [2]
  30  0000              mp equ [3]
  31  0000              sbp equ [4]
  32  0000              acc equ [5]
  33  0000              bp equ [11]
  34  0000              tblp equ [7]
  35  0000              tbhp equ [9]
  36  0000              status equ [10]
  37  0000              c equ [10].0
  38  0000              ac equ [10].1
  39  0000              z equ [10].2
  40  0000              ov equ [10].3
  41  0000              cz equ [10].6
  42  0000              sc equ [10].7
  43  0000              intc equ [16]
  44  0000              mduwr0 equ [59h]
  45  0000              mduwr1 equ [5ah]
  46  0000              mduwr2 equ [5bh]
  47  0000              mduwr3 equ [5ch]
  48  0000              mduwr4 equ [5dh]
  49  0000              mduwr5 equ [5eh]
  50  0000              mduwrctrl equ [5fh]
  51  0000              
  52  0000              extern ra:byte
  53  0000              extern rb:byte
  54  0000              extern rc:byte
  55  0000              extern rd:byte
  56  0000              extern re:byte
  57  0000              extern rf:byte
  58  0000              extern rg:byte
  59  0000              extern rh:byte
文件：uart1.ASM    编译器版本 HGASM 0202 页次2

  60  0000              extern _Crom2Prom:near
  61  0000              extern _Crom2PromNext:near
  62  0000              
  63  0000              RAMBANK 0 @BITDATASEC, @BITDATASEC1
  64  0000              @HCCINIT	.section 'data'
  65  0000              @HCCINIT0	.section 'data'
  66  0000              @BITDATASEC	 .section 'data'
  67  0000              @BITDATASEC1	 .section 'data'
  68  0000              
  69  0000              #pragma debug scope 1 1
  70  0000              	extern __DELAY3:near
  71  0000              	extern __DELAYX3:near
  72  0000              	extern __DELAYX6:near
  73  0000              	extern __DELAYY5:near
  74  0000              	extern __DELAYY3:near
  75  0000              	extern _builtin_holtek_delay_2:byte
  76  0000              ___txr_rxr1 equ [280]
  77  0000              ___u1sr equ [277]
  78  0000              public _send_char1
  79  0000              #pragma debug scope 2 1

   7  0000              #line 7 "c:\users\林斐\desktop\11.机械臂\uart1.c"
   7  0000              _send_char1 .section 'code'
   7  0000              _send_char1 proc
   7  0000  00              local _send_char1_2 db 1 dup(?)	; 0,1
   7  0000  0080     E  	mov ra,a
   7  0001  0080     R  	mov _send_char1_2[0],a
   7  0002              #pragma debug variable 7 2 _send_char1_2+0 "s"
   8  0002              #line 8 "c:\users\林斐\desktop\11.机械臂\uart1.c"
   8  0002  0700     E  	mov a,ra
   8  0003  8098 0001   	lmov [280],a
   8  0005              _L3:
   9  0005              #line 9 "c:\users\林斐\desktop\11.机械臂\uart1.c"
   9  0005  B815 0001   	lsnz [277].0
   9  0007  2800     R  	jmp _L3
   9  0008  0003        	ret
   9  0009              _send_char1 endp
   9  0009              #line 9 "c:\users\林斐\desktop\11.机械臂\uart1.c"
   9  0009              #pragma debug scope 1 1
   9  0009              public _send_buff1
   9  0009              #pragma debug scope 3 1
  16  0009              #line 16 "c:\users\林斐\desktop\11.机械臂\uart1.c"
  16  0000              _send_buff1 .section 'code'
  16  0000              _send_buff1 proc
  16  0000              public _send_buff1_2
  16  0000  0002[           local _send_buff1_2 db 2 dup(?)	; 2,0
            00
            ]
  16  0002              #pragma debug pointer 42 7 3
  16  0002              #pragma debug pointer 42 7 3
  16  0002              #pragma debug variable 42 3 _send_buff1_2+0 "s"
  17  0002              #line 17 "c:\users\林斐\desktop\11.机械臂\uart1.c"
  17  0000  2800     R  	jmp _L6
  17  0001              _L7:
  19  0001              #line 19 "c:\users\林斐\desktop\11.机械臂\uart1.c"
  19  0001  0700     E  	mov a,ra
  19  0002              	fcall _send_char1
  20  0009              #line 20 "c:\users\林斐\desktop\11.机械臂\uart1.c"
  20  0009  1480     R  	inc _send_buff1_2[0]
  20  000A  3D0A        	sz z
文件：uart1.c      编译器版本 HGASM 0202 页次3

  20  000B  1480     R  	inc _send_buff1_2[1]
  20  000C              _L6:
  17  000C              #line 17 "c:\users\林斐\desktop\11.机械臂\uart1.c"
  17  000C  0700     R  	mov a,_send_buff1_2[0]
  17  000D  0083        	mov mp,a
  17  000E  0700     R  	mov a,_send_buff1_2[1]
  17  000F  0084        	mov sbp,a
  17  0010              	fcall _Crom2Prom
  17  0017  0080     E  	mov ra,a
  17  0018  1080     E  	sz ra
  17  0019  2800     R  	jmp _L7
  17  001A  0003        	ret
  17  001B              _send_buff1 endp
  17  001B              #line 17 "c:\users\林斐\desktop\11.机械臂\uart1.c"
  17  001B              #pragma debug scope 1 1
  17  001B              ___wdtc equ [62]
  17  001B              ___stm2c0 equ [313]
  17  001B              ___stm2c1 equ [314]
  17  001B              ___pds0 equ [339]
  17  001B              ___sledc1 equ [86]
  17  001B              ___pas0 equ [333]
  17  001B              ___u1cr1 equ [278]
  17  001B              ___u1cr2 equ [279]
  17  001B              ___mfi5 equ [56]
  17  001B              ___brg1 equ [281]
  17  001B              ___intc3 equ [19]
  17  001B              ___intc0 equ [16]
  17  001B              public _inituart1
  17  001B              #pragma debug scope 4 1
  27  001B              #line 27 "c:\users\林斐\desktop\11.机械臂\uart1.c"
  27  0000              _inituart1 .section 'code'
  27  0000              _inituart1 proc
  28  0000              #line 28 "c:\users\林斐\desktop\11.机械臂\uart1.c"
  28  0000  0FAF        	mov a,175
  28  0001  00BE        	mov [62],a
  29  0002              #line 29 "c:\users\林斐\desktop\11.机械臂\uart1.c"
  29  0002  9F39 0001   	lclr [313]
  30  0004              #line 30 "c:\users\林斐\desktop\11.机械臂\uart1.c"
  30  0004  0F31        	mov a,49
  30  0005  85BA 0001   	lorm a,[314]
  31  0007              #line 31 "c:\users\林斐\desktop\11.机械臂\uart1.c"
  31  0007  0F28        	mov a,40
  31  0008  85D3 0001   	lorm a,[339]
  32  000A              #line 32 "c:\users\林斐\desktop\11.机械臂\uart1.c"
  32  000A  0F30        	mov a,48
  32  000B  00D6        	mov [86],a
  33  000C              #line 33 "c:\users\林斐\desktop\11.机械臂\uart1.c"
  33  000C  0FC0        	mov a,192
  33  000D  85CD 0001   	lorm a,[333]
  34  000F              #line 34 "c:\users\林斐\desktop\11.机械臂\uart1.c"
  34  000F  B396 0001   	lset [278].7
  35  0011              #line 35 "c:\users\林斐\desktop\11.机械臂\uart1.c"
  35  0011  0FE4        	mov a,228
  35  0012  8597 0001   	lorm a,[279]
  36  0014              #line 36 "c:\users\林斐\desktop\11.机械臂\uart1.c"
  36  0014  30B8        	set [56].1
  37  0015              #line 37 "c:\users\林斐\desktop\11.机械臂\uart1.c"
  37  0015  0F10        	mov a,16
  37  0016  8099 0001   	lmov [281],a
  39  0018              #line 39 "c:\users\林斐\desktop\11.机械臂\uart1.c"
文件：uart1.c      编译器版本 HGASM 0202 页次4

  39  0018  3193        	set [19].3
  40  0019              #line 40 "c:\users\林斐\desktop\11.机械臂\uart1.c"
  40  0019  3010        	set [16].0
  40  001A  0003        	ret
  40  001B              _inituart1 endp
  40  001B              #line 40 "c:\users\林斐\desktop\11.机械臂\uart1.c"
  40  001B              #pragma debug scope 1 1
  40  001B              public _get_buff1
  40  001B              #pragma debug scope 5 1
  43  001B              #line 43 "c:\users\林斐\desktop\11.机械臂\uart1.c"
  43  0000              _get_buff1 .section 'code'
  43  0000              _get_buff1 proc
  43  0000              public _get_buff1_2
  43  0000  0003[           local _get_buff1_2 db 3 dup(?)	; 3,0
            00
            ]
  43  0003              #pragma debug pointer 43 7 5
  43  0003              #pragma debug pointer 43 7 5
  43  0003              #pragma debug variable 43 5 _get_buff1_2+0 "rbuff"
  43  0003              #pragma debug variable 7 5 _get_buff1_2+2 "c"
  44  0003              #line 44 "c:\users\林斐\desktop\11.机械臂\uart1.c"
  44  0000  1F00     E  	clr rb
  44  0001  1F00     E  	clr rc
  44  0002              _L11:
  47  0002              #line 47 "c:\users\林斐\desktop\11.机械臂\uart1.c"
  47  0002  B915 0001   	lsnz [277].2
  47  0004  2800     R  	jmp _L11
  48  0005              #line 48 "c:\users\林斐\desktop\11.机械臂\uart1.c"
  48  0005  8718 0001   	lmov a,[280]
  48  0007  0080     E  	mov ra,a
  51  0008              #line 51 "c:\users\林斐\desktop\11.机械臂\uart1.c"
  51  0008  0700     E  	mov a,rb
  51  0009  0300     R  	add a,_get_buff1_2[0]
  51  000A  0083        	mov mp,a
  51  000B  0700     E  	mov a,rc
  51  000C  1300     R  	adc a,_get_buff1_2[1]
  51  000D  0084        	mov sbp,a
  49  000E              #line 49 "c:\users\林斐\desktop\11.机械臂\uart1.c"
  49  000E  0700     E  	mov a,ra
  49  000F  0200     R  	sub a,_get_buff1_2[2]
  49  0010  3D0A        	sz z
  49  0011  2800     R  	jmp _L15
  54  0012              #line 54 "c:\users\林斐\desktop\11.机械臂\uart1.c"
  54  0012  0700     E  	mov a,ra
  54  0013  0082        	mov ir,a
  55  0014              #line 55 "c:\users\林斐\desktop\11.机械臂\uart1.c"
  55  0014  1480     E  	inc rb
  55  0015  3D0A        	sz z
  55  0016  1480     E  	inc rc
  56  0017              #line 56 "c:\users\林斐\desktop\11.机械臂\uart1.c"
  56  0017  2800     R  	jmp _L11
  56  0018              _L15:
  51  0018              #line 51 "c:\users\林斐\desktop\11.机械臂\uart1.c"
  51  0018  0F00        	mov a,0
  51  0019  0082        	mov ir,a
  57  001A              #line 57 "c:\users\林斐\desktop\11.机械臂\uart1.c"
  57  001A  0700     E  	mov a,rb
  57  001B  0080     E  	mov ra,a
  57  001C  0700     E  	mov a,rc
  57  001D  0080     E  	mov rb,a
文件：uart1.c      编译器版本 HGASM 0202 页次5

  57  001E  0003        	ret
  57  001F              _get_buff1 endp
  57  001F              #line 57 "c:\users\林斐\desktop\11.机械臂\uart1.c"
  57  001F              #pragma debug scope 1 1
  57  001F              #pragma debug struct_end
  57  001F              #pragma debug struct_end
  57  001F              #pragma debug union_end
  57  001F              #pragma debug union_end
  57  001F              #pragma debug variable 45 1 ___intc0 "__intc0" 1
  57  001F              #pragma debug struct_end
  57  001F              #pragma debug struct_end
  57  001F              #pragma debug union_end
  57  001F              #pragma debug union_end
  57  001F              #pragma debug variable 47 1 ___intc3 "__intc3" 1
  57  001F              #pragma debug struct_end
  57  001F              #pragma debug struct_end
  57  001F              #pragma debug union_end
  57  001F              #pragma debug union_end
  57  001F              #pragma debug variable 49 1 ___mfi5 "__mfi5" 1
  57  001F              #pragma debug struct_end
  57  001F              #pragma debug struct_end
  57  001F              #pragma debug union_end
  57  001F              #pragma debug union_end
  57  001F              #pragma debug variable 51 1 ___wdtc "__wdtc" 1
  57  001F              #pragma debug struct_end
  57  001F              #pragma debug struct_end
  57  001F              #pragma debug union_end
  57  001F              #pragma debug union_end
  57  001F              #pragma debug variable 53 1 ___sledc1 "__sledc1" 1
  57  001F              #pragma debug struct_end
  57  001F              #pragma debug struct_end
  57  001F              #pragma debug union_end
  57  001F              #pragma debug union_end
  57  001F              #pragma debug variable 55 1 ___u1sr "__u1sr" 1
  57  001F              #pragma debug struct_end
  57  001F              #pragma debug struct_end
  57  001F              #pragma debug union_end
  57  001F              #pragma debug union_end
  57  001F              #pragma debug variable 57 1 ___u1cr1 "__u1cr1" 1
  57  001F              #pragma debug struct_end
  57  001F              #pragma debug struct_end
  57  001F              #pragma debug union_end
  57  001F              #pragma debug union_end
  57  001F              #pragma debug variable 59 1 ___u1cr2 "__u1cr2" 1
  57  001F              #pragma debug variable 8 1 ___txr_rxr1 "__txr_rxr1" 1
  57  001F              #pragma debug variable 8 1 ___brg1 "__brg1" 1
  57  001F              #pragma debug struct_end
  57  001F              #pragma debug struct_end
  57  001F              #pragma debug union_end
  57  001F              #pragma debug union_end
  57  001F              #pragma debug variable 61 1 ___stm2c0 "__stm2c0" 1
  57  001F              #pragma debug struct_end
  57  001F              #pragma debug struct_end
  57  001F              #pragma debug union_end
  57  001F              #pragma debug union_end
  57  001F              #pragma debug variable 63 1 ___stm2c1 "__stm2c1" 1
  57  001F              #pragma debug struct_end
  57  001F              #pragma debug struct_end
  57  001F              #pragma debug union_end
  57  001F              #pragma debug union_end
文件：uart1.c      编译器版本 HGASM 0202 页次6

  57  001F              #pragma debug variable 65 1 ___pas0 "__pas0" 1
  57  001F              #pragma debug struct_end
  57  001F              #pragma debug struct_end
  57  001F              #pragma debug union_end
  57  001F              #pragma debug union_end
  57  001F              #pragma debug variable 67 1 ___pds0 "__pds0" 1
  57  001F              
  57  001F              ; 
  57  001F              ; Generated by holtek-gcc v3.19, Wed May 25 14:39:49 2022
  57  001F              ; Rebuild 718
  57  001F              ; end of file


        0 Errors, 0